This is pdfTeX, Version 3.14159265-2.6-1.40.17 (TeX Live 2016) (preloaded format=pdflatex 2016.5.22)  18 SEP 2016 08:41
entering extended mode
 restricted \write18 enabled.
 file:line:error style messages enabled.
 %&-line parsing enabled.
**thesis.tex
(./thesis.tex
LaTeX2e <2016/03/31>
Babel <3.9r> and hyphenation patterns for 83 language(s) loaded.
(/usr/local/texlive/2016/texmf-dist/tex/latex/base/report.cls
Document Class: report 2014/09/29 v1.4h Standard LaTeX document class
(/usr/local/texlive/2016/texmf-dist/tex/latex/base/size12.clo
File: size12.clo 2014/09/29 v1.4h Standard LaTeX file (size option)
)
\c@part=\count79
\c@chapter=\count80
\c@section=\count81
\c@subsection=\count82
\c@subsubsection=\count83
\c@paragraph=\count84
\c@subparagraph=\count85
\c@figure=\count86
\c@table=\count87
\abovecaptionskip=\skip41
\belowcaptionskip=\skip42
\bibindent=\dimen102
)
(./suthesis-2e.sty
Package: suthesis-2e 2014/05/26

Note that this tries to fulfill the Stanford Thesis requirements but it is unof
ficial
(/usr/local/texlive/2016/texmf-dist/tex/latex/setspace/setspace.sty
Package: setspace 2011/12/19 v6.7a set line spacing
)
\signaturespace=\skip43
)
(/usr/local/texlive/2016/texmf-dist/tex/latex/amsmath/amsmath.sty
Package: amsmath 2016/03/10 v2.15b AMS math features
\@mathmargin=\skip44

For additional information on amsmath, use the `?' option.
(/usr/local/texlive/2016/texmf-dist/tex/latex/amsmath/amstext.sty
Package: amstext 2000/06/29 v2.01 AMS text

(/usr/local/texlive/2016/texmf-dist/tex/latex/amsmath/amsgen.sty
File: amsgen.sty 1999/11/30 v2.0 generic functions
\@emptytoks=\toks14
\ex@=\dimen103
))
(/usr/local/texlive/2016/texmf-dist/tex/latex/amsmath/amsbsy.sty
Package: amsbsy 1999/11/29 v1.2d Bold Symbols
\pmbraise@=\dimen104
)
(/usr/local/texlive/2016/texmf-dist/tex/latex/amsmath/amsopn.sty
Package: amsopn 2016/03/08 v2.02 operator names
)
\inf@bad=\count88
LaTeX Info: Redefining \frac on input line 199.
\uproot@=\count89
\leftroot@=\count90
LaTeX Info: Redefining \overline on input line 297.
\classnum@=\count91
\DOTSCASE@=\count92
LaTeX Info: Redefining \ldots on input line 394.
LaTeX Info: Redefining \dots on input line 397.
LaTeX Info: Redefining \cdots on input line 518.
\Mathstrutbox@=\box26
\strutbox@=\box27
\big@size=\dimen105
LaTeX Font Info:    Redeclaring font encoding OML on input line 634.
LaTeX Font Info:    Redeclaring font encoding OMS on input line 635.
\macc@depth=\count93
\c@MaxMatrixCols=\count94
\dotsspace@=\muskip10
\c@parentequation=\count95
\dspbrk@lvl=\count96
\tag@help=\toks15
\row@=\count97
\column@=\count98
\maxfields@=\count99
\andhelp@=\toks16
\eqnshift@=\dimen106
\alignsep@=\dimen107
\tagshift@=\dimen108
\tagwidth@=\dimen109
\totwidth@=\dimen110
\lineht@=\dimen111
\@envbody=\toks17
\multlinegap=\skip45
\multlinetaggap=\skip46
\mathdisplay@stack=\toks18
LaTeX Info: Redefining \[ on input line 2739.
LaTeX Info: Redefining \] on input line 2740.
)
(/usr/local/texlive/2016/texmf-dist/tex/latex/amscls/amsthm.sty
Package: amsthm 2015/03/04 v2.20.2
\thm@style=\toks19
\thm@bodyfont=\toks20
\thm@headfont=\toks21
\thm@notefont=\toks22
\thm@headpunct=\toks23
\thm@preskip=\skip47
\thm@postskip=\skip48
\thm@headsep=\skip49
\dth@everypar=\toks24
)
(/usr/local/texlive/2016/texmf-dist/tex/latex/amsfonts/amsfonts.sty
Package: amsfonts 2013/01/14 v3.01 Basic AMSFonts support
\symAMSa=\mathgroup4
\symAMSb=\mathgroup5
LaTeX Font Info:    Overwriting math alphabet `\mathfrak' in version `bold'
(Font)                  U/euf/m/n --> U/euf/b/n on input line 106.
)
(/usr/local/texlive/2016/texmf-dist/tex/latex/amsfonts/amssymb.sty
Package: amssymb 2013/01/14 v3.01 AMS font symbols
)
(/usr/local/texlive/2016/texmf-dist/tex/latex/multirow/multirow.sty
\bigstrutjot=\dimen112
)
(/usr/local/texlive/2016/texmf-dist/tex/latex/thmtools/thmtools.sty
Package: thmtools 2014/04/21 v66
\thmt@toks=\toks25
\c@thmt@dummyctr=\count100

(/usr/local/texlive/2016/texmf-dist/tex/latex/thmtools/thm-patch.sty
Package: thm-patch 2014/04/21 v66

(/usr/local/texlive/2016/texmf-dist/tex/latex/thmtools/parseargs.sty
Package: parseargs 2014/04/21 v66
\@parsespec=\toks26
))
(/usr/local/texlive/2016/texmf-dist/tex/latex/thmtools/thm-kv.sty
Package: thm-kv 2014/04/21 v66
Package thm-kv Info: Theorem names will be uppercased on input line 40.

(/usr/local/texlive/2016/texmf-dist/tex/latex/graphics/keyval.sty
Package: keyval 2014/10/28 v1.15 key=value parser (DPC)
\KV@toks@=\toks27
)
(/usr/local/texlive/2016/texmf-dist/tex/generic/oberdiek/kvsetkeys.sty
Package: kvsetkeys 2016/05/16 v1.17 Key value parser (HO)

(/usr/local/texlive/2016/texmf-dist/tex/generic/oberdiek/infwarerr.sty
Package: infwarerr 2016/05/16 v1.4 Providing info/warning/error messages (HO)
)
(/usr/local/texlive/2016/texmf-dist/tex/generic/oberdiek/etexcmds.sty
Package: etexcmds 2016/05/16 v1.6 Avoid name clashes with e-TeX commands (HO)

(/usr/local/texlive/2016/texmf-dist/tex/generic/oberdiek/ifluatex.sty
Package: ifluatex 2016/05/16 v1.4 Provides the ifluatex switch (HO)
Package ifluatex Info: LuaTeX not detected.
)
Package etexcmds Info: Could not find \expanded.
(etexcmds)             That can mean that you are not using pdfTeX 1.50 or
(etexcmds)             that some package has redefined \expanded.
(etexcmds)             In the latter case, load this package earlier.
))
Package thm-kv Info: kvsetkeys patch (v1.16 or later) on input line 156.
)
(/usr/local/texlive/2016/texmf-dist/tex/latex/thmtools/thm-autoref.sty
Package: thm-autoref 2014/04/21 v66

(/usr/local/texlive/2016/texmf-dist/tex/latex/thmtools/aliasctr.sty
Package: aliasctr 2014/04/21 v66

(/usr/local/texlive/2016/texmf-dist/tex/latex/carlisle/remreset.sty)))
(/usr/local/texlive/2016/texmf-dist/tex/latex/thmtools/thm-listof.sty
Package: thm-listof 2014/04/21 v66
)
(/usr/local/texlive/2016/texmf-dist/tex/latex/thmtools/thm-restate.sty
Package: thm-restate 2014/04/21 v66
)
(/usr/local/texlive/2016/texmf-dist/tex/latex/thmtools/thm-amsthm.sty
Package: thm-amsthm 2014/04/21 v66
\thmt@style@headstyle=\toks28
))
(/usr/local/texlive/2016/texmf-dist/tex/latex/enumitem/enumitem.sty
Package: enumitem 2011/09/28 v3.5.2 Customized lists
\labelindent=\skip50
\enit@outerparindent=\dimen113
\enit@toks=\toks29
\enit@inbox=\box28
\enitdp@description=\count101
)
(/usr/local/texlive/2016/texmf-dist/tex/latex/graphics/graphicx.sty
Package: graphicx 2014/10/28 v1.0g Enhanced LaTeX Graphics (DPC,SPQR)

(/usr/local/texlive/2016/texmf-dist/tex/latex/graphics/graphics.sty
Package: graphics 2016/05/09 v1.0r Standard LaTeX Graphics (DPC,SPQR)

(/usr/local/texlive/2016/texmf-dist/tex/latex/graphics/trig.sty
Package: trig 2016/01/03 v1.10 sin cos tan (DPC)
)
(/usr/local/texlive/2016/texmf-dist/tex/latex/graphics-cfg/graphics.cfg
File: graphics.cfg 2016/01/02 v1.10 sample graphics configuration
)
Package graphics Info: Driver file: pdftex.def on input line 96.

(/usr/local/texlive/2016/texmf-dist/tex/latex/pdftex-def/pdftex.def
File: pdftex.def 2011/05/27 v0.06d Graphics/color for pdfTeX

(/usr/local/texlive/2016/texmf-dist/tex/generic/oberdiek/ltxcmds.sty
Package: ltxcmds 2016/05/16 v1.23 LaTeX kernel commands for general use (HO)
)
\Gread@gobject=\count102
))
\Gin@req@height=\dimen114
\Gin@req@width=\dimen115
)
(/usr/local/texlive/2016/texmf-dist/tex/latex/psnfss/mathptmx.sty
Package: mathptmx 2005/04/12 PSNFSS-v9.2a Times w/ Math, improved (SPQR, WaS) 
LaTeX Font Info:    Redeclaring symbol font `operators' on input line 28.
LaTeX Font Info:    Overwriting symbol font `operators' in version `normal'
(Font)                  OT1/cmr/m/n --> OT1/ztmcm/m/n on input line 28.
LaTeX Font Info:    Overwriting symbol font `operators' in version `bold'
(Font)                  OT1/cmr/bx/n --> OT1/ztmcm/m/n on input line 28.
LaTeX Font Info:    Redeclaring symbol font `letters' on input line 29.
LaTeX Font Info:    Overwriting symbol font `letters' in version `normal'
(Font)                  OML/cmm/m/it --> OML/ztmcm/m/it on input line 29.
LaTeX Font Info:    Overwriting symbol font `letters' in version `bold'
(Font)                  OML/cmm/b/it --> OML/ztmcm/m/it on input line 29.
LaTeX Font Info:    Redeclaring symbol font `symbols' on input line 30.
LaTeX Font Info:    Overwriting symbol font `symbols' in version `normal'
(Font)                  OMS/cmsy/m/n --> OMS/ztmcm/m/n on input line 30.
LaTeX Font Info:    Overwriting symbol font `symbols' in version `bold'
(Font)                  OMS/cmsy/b/n --> OMS/ztmcm/m/n on input line 30.
LaTeX Font Info:    Redeclaring symbol font `largesymbols' on input line 31.
LaTeX Font Info:    Overwriting symbol font `largesymbols' in version `normal'
(Font)                  OMX/cmex/m/n --> OMX/ztmcm/m/n on input line 31.
LaTeX Font Info:    Overwriting symbol font `largesymbols' in version `bold'
(Font)                  OMX/cmex/m/n --> OMX/ztmcm/m/n on input line 31.
\symbold=\mathgroup6
\symitalic=\mathgroup7
LaTeX Font Info:    Redeclaring math alphabet \mathbf on input line 34.
LaTeX Font Info:    Overwriting math alphabet `\mathbf' in version `normal'
(Font)                  OT1/cmr/bx/n --> OT1/ptm/bx/n on input line 34.
LaTeX Font Info:    Overwriting math alphabet `\mathbf' in version `bold'
(Font)                  OT1/cmr/bx/n --> OT1/ptm/bx/n on input line 34.
LaTeX Font Info:    Redeclaring math alphabet \mathit on input line 35.
LaTeX Font Info:    Overwriting math alphabet `\mathit' in version `normal'
(Font)                  OT1/cmr/m/it --> OT1/ptm/m/it on input line 35.
LaTeX Font Info:    Overwriting math alphabet `\mathit' in version `bold'
(Font)                  OT1/cmr/bx/it --> OT1/ptm/m/it on input line 35.
LaTeX Info: Redefining \hbar on input line 50.
)
(/usr/local/texlive/2016/texmf-dist/tex/latex/algorithms/algorithm.sty
Package: algorithm 2009/08/24 v0.1 Document Style `algorithm' - floating enviro
nment

(/usr/local/texlive/2016/texmf-dist/tex/latex/float/float.sty
Package: float 2001/11/08 v1.3d Float enhancements (AL)
\c@float@type=\count103
\float@exts=\toks30
\float@box=\box29
\@float@everytoks=\toks31
\@floatcapt=\box30
)
(/usr/local/texlive/2016/texmf-dist/tex/latex/base/ifthen.sty
Package: ifthen 2014/09/29 v1.1c Standard LaTeX ifthen package (DPC)
)
\@float@every@algorithm=\toks32
\c@algorithm=\count104
)
(/usr/local/texlive/2016/texmf-dist/tex/latex/algorithmicx/algpseudocode.sty
Package: algpseudocode 

(/usr/local/texlive/2016/texmf-dist/tex/latex/algorithmicx/algorithmicx.sty
Package: algorithmicx 2005/04/27 v1.2 Algorithmicx

Document Style algorithmicx 1.2 - a greatly improved `algorithmic' style
\c@ALG@line=\count105
\c@ALG@rem=\count106
\c@ALG@nested=\count107
\ALG@tlm=\skip51
\ALG@thistlm=\skip52
\c@ALG@Lnr=\count108
\c@ALG@blocknr=\count109
\c@ALG@storecount=\count110
\c@ALG@tmpcounter=\count111
\ALG@tmplength=\skip53
)
Document Style - pseudocode environments for use with the `algorithmicx' style
) (./code.tex)
\c@theorem=\count112
\c@lemma=\count113
\c@corollary=\count114
\c@definition=\count115
\c@example=\count116
 (./thesis.aux)
\openout1 = `thesis.aux'.

LaTeX Font Info:    Checking defaults for OML/cmm/m/it on input line 67.
LaTeX Font Info:    ... okay on input line 67.
LaTeX Font Info:    Checking defaults for T1/cmr/m/n on input line 67.
LaTeX Font Info:    ... okay on input line 67.
LaTeX Font Info:    Checking defaults for OT1/cmr/m/n on input line 67.
LaTeX Font Info:    ... okay on input line 67.
LaTeX Font Info:    Checking defaults for OMS/cmsy/m/n on input line 67.
LaTeX Font Info:    ... okay on input line 67.
LaTeX Font Info:    Checking defaults for OMX/cmex/m/n on input line 67.
LaTeX Font Info:    ... okay on input line 67.
LaTeX Font Info:    Checking defaults for U/cmr/m/n on input line 67.
LaTeX Font Info:    ... okay on input line 67.
LaTeX Font Info:    Try loading font information for OT1+ptm on input line 67.

(/usr/local/texlive/2016/texmf-dist/tex/latex/psnfss/ot1ptm.fd
File: ot1ptm.fd 2001/06/04 font definitions for OT1/ptm.
)
(/usr/local/texlive/2016/texmf-dist/tex/context/base/mkii/supp-pdf.mkii
[Loading MPS to PDF converter (version 2006.09.02).]
\scratchcounter=\count117
\scratchdimen=\dimen116
\scratchbox=\box31
\nofMPsegments=\count118
\nofMParguments=\count119
\everyMPshowfont=\toks33
\MPscratchCnt=\count120
\MPscratchDim=\dimen117
\MPnumerator=\count121
\makeMPintoPDFobject=\count122
\everyMPtoPDFconversion=\toks34
) (/usr/local/texlive/2016/texmf-dist/tex/generic/oberdiek/pdftexcmds.sty
Package: pdftexcmds 2016/05/10 v0.21 Utility functions of pdfTeX for LuaTeX (HO
)

(/usr/local/texlive/2016/texmf-dist/tex/generic/oberdiek/ifpdf.sty
Package: ifpdf 2016/05/14 v3.1 Provides the ifpdf switch
)
Package pdftexcmds Info: LuaTeX not detected.
Package pdftexcmds Info: \pdf@primitive is available.
Package pdftexcmds Info: \pdf@ifprimitive is available.
Package pdftexcmds Info: \pdfdraftmode found.
)
(/usr/local/texlive/2016/texmf-dist/tex/latex/oberdiek/epstopdf-base.sty
Package: epstopdf-base 2016/05/15 v2.6 Base part for package epstopdf

(/usr/local/texlive/2016/texmf-dist/tex/latex/oberdiek/grfext.sty
Package: grfext 2016/05/16 v1.2 Manage graphics extensions (HO)

(/usr/local/texlive/2016/texmf-dist/tex/generic/oberdiek/kvdefinekeys.sty
Package: kvdefinekeys 2016/05/16 v1.4 Define keys (HO)
))
(/usr/local/texlive/2016/texmf-dist/tex/latex/oberdiek/kvoptions.sty
Package: kvoptions 2016/05/16 v3.12 Key value format for package options (HO)
)
Package grfext Info: Graphics extension search list:
(grfext)             [.png,.pdf,.jpg,.mps,.jpeg,.jbig2,.jb2,.PNG,.PDF,.JPG,.JPE
G,.JBIG2,.JB2,.eps]
(grfext)             \AppendGraphicsExtensions on input line 456.

(/usr/local/texlive/2016/texmf-dist/tex/latex/latexconfig/epstopdf-sys.cfg
File: epstopdf-sys.cfg 2010/07/13 v1.3 Configuration of (r)epstopdf for TeX Liv
e
))
[1

{/usr/local/texlive/2016/texmf-var/fonts/map/pdftex/updmap/pdftex.map}]
LaTeX Font Info:    Try loading font information for OMS+ptm on input line 76.

(/usr/local/texlive/2016/texmf-dist/tex/latex/psnfss/omsptm.fd
File: omsptm.fd 
)
LaTeX Font Info:    Font shape `OMS/ptm/m/n' in size <14.4> not available
(Font)              Font shape `OMS/cmsy/m/n' tried instead on input line 76.
 [2]
LaTeX Font Info:    Try loading font information for OT1+ztmcm on input line 76
.

(/usr/local/texlive/2016/texmf-dist/tex/latex/psnfss/ot1ztmcm.fd
File: ot1ztmcm.fd 2000/01/03 Fontinst v1.801 font definitions for OT1/ztmcm.
)
LaTeX Font Info:    Try loading font information for OML+ztmcm on input line 76
.

(/usr/local/texlive/2016/texmf-dist/tex/latex/psnfss/omlztmcm.fd
File: omlztmcm.fd 2000/01/03 Fontinst v1.801 font definitions for OML/ztmcm.
)
LaTeX Font Info:    Try loading font information for OMS+ztmcm on input line 76
.

(/usr/local/texlive/2016/texmf-dist/tex/latex/psnfss/omsztmcm.fd
File: omsztmcm.fd 2000/01/03 Fontinst v1.801 font definitions for OMS/ztmcm.
)
LaTeX Font Info:    Try loading font information for OMX+ztmcm on input line 76
.

(/usr/local/texlive/2016/texmf-dist/tex/latex/psnfss/omxztmcm.fd
File: omxztmcm.fd 2000/01/03 Fontinst v1.801 font definitions for OMX/ztmcm.
)
LaTeX Font Info:    Font shape `OT1/ptm/bx/n' in size <12> not available
(Font)              Font shape `OT1/ptm/b/n' tried instead on input line 76.
LaTeX Font Info:    Font shape `OT1/ptm/bx/n' in size <9> not available
(Font)              Font shape `OT1/ptm/b/n' tried instead on input line 76.
LaTeX Font Info:    Font shape `OT1/ptm/bx/n' in size <7> not available
(Font)              Font shape `OT1/ptm/b/n' tried instead on input line 76.
 [3]
LaTeX Font Info:    Font shape `OT1/ptm/bx/n' in size <24.88> not available
(Font)              Font shape `OT1/ptm/b/n' tried instead on input line 77.

(./00abstract.tex [4


]) [5] (./00acknowledgements.tex) [6

] (./thesis.toc
LaTeX Font Info:    Font shape `OT1/ptm/bx/it' in size <12> not available
(Font)              Font shape `OT1/ptm/b/it' tried instead on input line 3.

[7

] [8])
\tf@toc=\write3
\openout3 = `thesis.toc'.

 [9] (./thesis.lot
LaTeX Font Info:    Font shape `OT1/ptm/bx/n' in size <10.95> not available
(Font)              Font shape `OT1/ptm/b/n' tried instead on input line 12.
LaTeX Font Info:    Font shape `OT1/ptm/bx/n' in size <8> not available
(Font)              Font shape `OT1/ptm/b/n' tried instead on input line 12.
LaTeX Font Info:    Font shape `OT1/ptm/bx/n' in size <6> not available
(Font)              Font shape `OT1/ptm/b/n' tried instead on input line 12.

Overfull \hbox (19.26591pt too wide) in paragraph at lines 12--12
 \OT1/ptm/m/n/10.95 func-tion of $\OML/ztmcm/m/it/10.95 k$ \OT1/ptm/m/n/10.95 t
hat only de-pends on $\OML/ztmcm/m/it/10.95 k$\OT1/ptm/m/n/10.95 . All en-tries
 other than ``P'' im-ply NP-completeness. 
 []

)
\tf@lot=\write4
\openout4 = `thesis.lot'.

 [10

] (./thesis.lof)
\tf@lof=\write5
\openout5 = `thesis.lof'.

 [11

]
Chapter 1.
LaTeX Font Info:    Font shape `OT1/ptm/bx/n' in size <17.28> not available
(Font)              Font shape `OT1/ptm/b/n' tried instead on input line 86.
LaTeX Font Info:    Font shape `OT1/ptm/bx/it' in size <17.28> not available
(Font)              Font shape `OT1/ptm/b/it' tried instead on input line 86.
(./10Intro.tex) [1


]
Chapter 2.
(./20BDoodle.tex
LaTeX Font Info:    Font shape `OT1/ptm/bx/n' in size <10> not available
(Font)              Font shape `OT1/ptm/b/n' tried instead on input line 9.
LaTeX Font Info:    Font shape `OT1/ptm/bx/n' in size <7.4> not available
(Font)              Font shape `OT1/ptm/b/n' tried instead on input line 9.

Underfull \hbox (badness 10000) in paragraph at lines 16--16
[][]\OT1/ptm/m/n/10 http://en.blog.doodle.com/2012/07/26/new-findings-a-small-n
umber-of-initiators-organize-most-of-the-
 []

[2

]
Package epstopdf Info: Source file: <plots/pareto_scatter_fin.eps>
(epstopdf)                    date: 2013-10-10 18:36:02
(epstopdf)                    size: 20167 bytes
(epstopdf)             Output file: <plots/pareto_scatter_fin-eps-converted-to.
pdf>
(epstopdf)                    date: 2013-10-10 18:36:20
(epstopdf)                    size: 7324 bytes
(epstopdf)             Command: <repstopdf --outfile=plots/pareto_scatter_fin-e
ps-converted-to.pdf plots/pareto_scatter_fin.eps>
(epstopdf)             \includegraphics on input line 54.
Package epstopdf Info: Output file is already uptodate.

<plots/pareto_scatter_fin-eps-converted-to.pdf, id=53, 718.685pt x 331.2375pt>
File: plots/pareto_scatter_fin-eps-converted-to.pdf Graphic file (type pdf)

<use plots/pareto_scatter_fin-eps-converted-to.pdf>
Package pdftex.def Info: plots/pareto_scatter_fin-eps-converted-to.pdf used on 
input line 54.
(pdftex.def)             Requested size: 323.40526pt x 149.05548pt.


LaTeX Warning: `!h' float specifier changed to `!ht'.

[3]
Package epstopdf Info: Source file: <plots/pareto_objective_fin.eps>
(epstopdf)                    date: 2013-10-10 17:45:23
(epstopdf)                    size: 21574 bytes
(epstopdf)             Output file: <plots/pareto_objective_fin-eps-converted-t
o.pdf>
(epstopdf)                    date: 2013-10-10 17:48:31
(epstopdf)                    size: 8098 bytes
(epstopdf)             Command: <repstopdf --outfile=plots/pareto_objective_fin
-eps-converted-to.pdf plots/pareto_objective_fin.eps>
(epstopdf)             \includegraphics on input line 72.
Package epstopdf Info: Output file is already uptodate.

<plots/pareto_objective_fin-eps-converted-to.pdf, id=58, 718.685pt x 331.2375pt
>
File: plots/pareto_objective_fin-eps-converted-to.pdf Graphic file (type pdf)
 <use plots/pareto_objective_fin-eps-converted-to.pdf>
Package pdftex.def Info: plots/pareto_objective_fin-eps-converted-to.pdf used o
n input line 72.
(pdftex.def)             Requested size: 323.40526pt x 149.05548pt.
 [4 <./plots/pareto_scatter_fin-eps-converted-to.pdf> <./plots/pareto_objective
_fin-eps-converted-to.pdf>] [5] [6] [7] [8]
LaTeX Font Info:    Font shape `OT1/ptm/bx/n' in size <14.4> not available
(Font)              Font shape `OT1/ptm/b/n' tried instead on input line 178.
 [9]
Underfull \hbox (badness 10000) in paragraph at lines 212--213

 []


Underfull \hbox (badness 10000) in paragraph at lines 214--215

 []

[10] [11]
Overfull \hbox (7.3109pt too wide) in paragraph at lines 241--242
[]\OT1/ptm/m/n/12 Given an in-stance $\OT1/ztmcm/m/n/12 (\OML/ztmcm/m/it/12 A; 
P[]; f; c\OT1/ztmcm/m/n/12 )$\OT1/ptm/m/n/12 , con-sider some B-Doodle mech-a-n
ism $\OML/ztmcm/m/it/12 B[] \OT1/ztmcm/m/n/12 = \OMS/ztmcm/m/n/12 h\OML/ztmcm/m
/it/12 b[]; b[]; [] ; b[]\OMS/ztmcm/m/n/12 i$
 []


Underfull \hbox (badness 10000) in paragraph at lines 256--257

 []

[12]
Underfull \hbox (badness 10000) in paragraph at lines 266--268

 []


Underfull \hbox (badness 10000) in paragraph at lines 282--284

 []

[13] [14]
Underfull \hbox (badness 10000) in paragraph at lines 328--329

 []


Underfull \hbox (badness 10000) in paragraph at lines 330--331

 []

[15] [16]

LaTeX Warning: `!h' float specifier changed to `!ht'.

[17]

LaTeX Warning: `h' float specifier changed to `ht'.


Underfull \hbox (badness 10000) in paragraph at lines 413--414

 []

[18] [19]
LaTeX Font Info:    Font shape `OMS/ptm/m/n' in size <12> not available
(Font)              Font shape `OMS/cmsy/m/n' tried instead on input line 454.
 [20]) [21]
Chapter 3.
(./30Matrix.tex [22

] [23] [24] [25] [26] [27] [28] [29] [30]
Overfull \hbox (1.92119pt too wide) in paragraph at lines 237--239
[]\OT1/ptm/m/n/12 We can ex-press $\OT1/ptm/b/n/12 E\OT1/ztmcm/m/n/12 [\OML/ztm
cm/m/it/12 N\OT1/ztmcm/m/n/12 (\OML/ztmcm/m/it/12 ^^Y[]; c[]\OT1/ztmcm/m/n/12 )
]$ \OT1/ptm/m/n/12 in a sim-i-lar man-ner, and sim-plify $\OT1/ptm/b/n/12 E\OT1
/ztmcm/m/n/12 [\OML/ztmcm/m/it/12 N\OT1/ztmcm/m/n/12 (\OML/ztmcm/m/it/12 ^^Y; c
[]\OT1/ztmcm/m/n/12 )] \OMS/ztmcm/m/n/12 ^^@ \OT1/ptm/b/n/12 E\OT1/ztmcm/m/n/12
 [\OML/ztmcm/m/it/12 N\OT1/ztmcm/m/n/12 (\OML/ztmcm/m/it/12 ^^Y[]; c[]\OT1/ztmc
m/m/n/12 )]$
 []

[31] [32]
Overfull \hbox (6.9832pt too wide) in paragraph at lines 289--292
[]\OT1/ptm/m/n/12 Suppose that there is some col-umn $\OML/ztmcm/m/it/12 c[]$ \
OT1/ptm/m/n/12 such that $\OML/ztmcm/m/it/12 ^^V[]\OT1/ztmcm/m/n/12 (1 \OMS/ztm
cm/m/n/12 ^^@ \OML/ztmcm/m/it/12 s[]\OT1/ztmcm/m/n/12 )\OML/ztmcm/m/it/12 =s[] 
> ^^V[]\OT1/ztmcm/m/n/12 (1 \OMS/ztmcm/m/n/12 ^^@ \OML/ztmcm/m/it/12 s[]\OT1/zt
mcm/m/n/12 )\OML/ztmcm/m/it/12 =s[]$\OT1/ptm/m/n/12 .
 []

[33] [34]) [35]
Chapter 4.
(./40GASP.tex [36

] [37] [38] [39] [40] [41] [42]
Overfull \hbox (18.7271pt too wide) in paragraph at lines 147--154
 [][] 
 []


Overfull \hbox (5.35925pt too wide) in paragraph at lines 158--158
[]$\OML/ztmcm/m/it/14.4 k$\OT1/ptm/b/n/14.4 -IR-GASP: Find-ing In-di-vid-u-ally
 Ra-tio-nal As-sign-ments in GASP 
 []

[43] [44] [45] [46] [47] [48] [49] [50] [51] [52] [53] [54] [55] [56] [57]
[58] [59] [60]
Overfull \hbox (14.0442pt too wide) in paragraph at lines 469--470
[]\OT1/ptm/m/n/12 Let us cre-ate an in-stance of \OT1/cmtt/m/n/12 GASP \OT1/ptm
/m/n/12 as fol-lows: Let $\OML/ztmcm/m/it/12 N \OT1/ztmcm/m/n/12 = \OMS/ztmcm/m
/n/12 f\OT1/ztmcm/m/n/12 1\OML/ztmcm/m/it/12 ; \OT1/ztmcm/m/n/12 2\OML/ztmcm/m/
it/12 ; [] ; n\OMS/ztmcm/m/n/12 g$ \OT1/ptm/m/n/12 and $\OML/ztmcm/m/it/12 A[] 
\OT1/ztmcm/m/n/12 = \OMS/ztmcm/m/n/12 f\OML/ztmcm/m/it/12 a[]; a[]; [] ; a[]\OM
S/ztmcm/m/n/12 g$
 []

[61]) [62]
Chapter 5.
(./50SIP.tex [63

] [64]
Overfull \hbox (75.60419pt too wide) in paragraph at lines 91--101
 [][] 
 []


Overfull \hbox (7.1833pt too wide) in paragraph at lines 106--108
\OT1/ptm/m/n/12 In this sec-tion, we study pa-ram-e-ter-ized com-plex-ity of $\
OML/ztmcm/m/it/12 k$\OT1/ptm/m/n/12 -IR-Invitation and $\OML/ztmcm/m/it/12 k$\O
T1/ptm/m/n/12 -Stable-Invitation.
 []

[65] [66] [67]
Overfull \hbox (7.63548pt too wide) in paragraph at lines 148--153
[]\OT1/ptm/m/n/12 We re-duce from the $\OML/ztmcm/m/it/12 k$\OT1/ptm/m/n/12 -In
dependent-Set prob-lem which is known to be W[1]-complete.
 []


Overfull \hbox (23.58434pt too wide) in paragraph at lines 148--153
\OT1/ptm/m/n/12 Given an ar-bi-trary graph $\OML/ztmcm/m/it/12 G \OT1/ztmcm/m/n
/12 = (\OML/ztmcm/m/it/12 V; E\OT1/ztmcm/m/n/12 )$ \OT1/ptm/m/n/12 and a pa-ram
-e-ter $\OML/ztmcm/m/it/12 k$\OT1/ptm/m/n/12 , we cre-ate agents $\OML/ztmcm/m/
it/12 N \OT1/ztmcm/m/n/12 = \OML/ztmcm/m/it/12 V \OT1/ztmcm/m/n/12 = \OMS/ztmcm
/m/n/12 f\OML/ztmcm/m/it/12 v[]; v[]; [] ; v[]\OMS/ztmcm/m/n/12 g$\OT1/ptm/m/n/
12 .
 []

[68] [69]
Overfull \hbox (120.63504pt too wide) in paragraph at lines 256--266
 [][] 
 []

[70] [71] [72] [73] [74] [75]) [76]
Chapter 6.
(./60Strategic.tex

LaTeX Warning: Reference `GT:eg:multiple_stable' on page 77 undefined on input 
line 12.


LaTeX Warning: Reference `GT:eg:multiple_stable' on page 77 undefined on input 
line 18.

[77

]
Overfull \hbox (15.01791pt too wide) has occurred while \output is active
\OT1/ptm/m/sl/12 CHAPTER 6.  INCENTIVE COMPATIBILITY IN GROUP ASSIGNMENT PROBLE
MS:  \OT1/ptm/m/n/12 78
 []

[78]

LaTeX Warning: Reference `GT:def:preferenceTypes' on page 79 undefined on input
 line 78.


LaTeX Warning: Citation `von1947theory' on page 79 undefined on input line 85.


Overfull \hbox (15.01791pt too wide) has occurred while \output is active
\OT1/ptm/m/sl/12 CHAPTER 6.  INCENTIVE COMPATIBILITY IN GROUP ASSIGNMENT PROBLE
MS:  \OT1/ptm/m/n/12 79
 []

[79]

LaTeX Warning: Reference `GT:thm:asip_algo' on page 80 undefined on input line 
88.

)
Overfull \hbox (9.36426pt too wide) in paragraph at lines 87--109
[]\OT1/ptm/m/n/12 We can ex-tend our re-sults in a dif-fer-ent di-rec-tion by c
on-sid-er-ing mul-ti-ple time-alternatives
 []


Overfull \hbox (15.01791pt too wide) has occurred while \output is active
\OT1/ptm/m/sl/12 CHAPTER 6.  INCENTIVE COMPATIBILITY IN GROUP ASSIGNMENT PROBLE
MS:  \OT1/ptm/m/n/12 80
 []

[80]
Chapter 7.
(./70Open.tex) (./thesis.bbl [81

] [82

]
Missing character: There is no Ã in font ptmr7t!
Missing character: There is no ƒ in font ptmr7t!
Missing character: There is no Â in font ptmr7t!
Missing character: There is no © in font ptmr7t!
Missing character: There is no Ã in font ptmr7t!
Missing character: There is no ƒ in font ptmr7t!
Missing character: There is no Å in font ptmr7t!
Missing character: There is no ½ in font ptmr7t!
 [83] [84] [85]) [86] (./thesis.aux)

LaTeX Warning: There were undefined references.


LaTeX Warning: Label(s) may have changed. Rerun to get cross-references right.

 ) 
Here is how much of TeX's memory you used:
 4433 strings out of 493014
 64936 string characters out of 6133351
 130953 words of memory out of 5000000
 7757 multiletter control sequences out of 15000+600000
 77034 words of font info for 170 fonts, out of 8000000 for 9000
 1141 hyphenation exceptions out of 8191
 38i,10n,24p,1781b,279s stack positions out of 5000i,500n,10000p,200000b,80000s
{/usr/local/texlive/2016/texmf-dist/fonts/enc/dvips/base/8r.enc}</usr/local/t
exlive/2016/texmf-dist/fonts/type1/public/amsfonts/cm/cmex10.pfb></usr/local/te
xlive/2016/texmf-dist/fonts/type1/public/amsfonts/cm/cmmi10.pfb></usr/local/tex
live/2016/texmf-dist/fonts/type1/public/amsfonts/cm/cmr10.pfb></usr/local/texli
ve/2016/texmf-dist/fonts/type1/public/amsfonts/cm/cmss12.pfb></usr/local/texliv
e/2016/texmf-dist/fonts/type1/public/amsfonts/cm/cmsy10.pfb></usr/local/texlive
/2016/texmf-dist/fonts/type1/public/amsfonts/cm/cmtt10.pfb></usr/local/texlive/
2016/texmf-dist/fonts/type1/public/amsfonts/cm/cmtt12.pfb></usr/local/texlive/2
016/texmf-dist/fonts/type1/public/amsfonts/symbols/msbm10.pfb></usr/local/texli
ve/2016/texmf-dist/fonts/type1/public/rsfs/rsfs10.pfb></usr/local/texlive/2016/
texmf-dist/fonts/type1/urw/symbol/usyr.pfb></usr/local/texlive/2016/texmf-dist/
fonts/type1/urw/symbol/usyr.pfb></usr/local/texlive/2016/texmf-dist/fonts/type1
/urw/times/utmb8a.pfb></usr/local/texlive/2016/texmf-dist/fonts/type1/urw/times
/utmr8a.pfb></usr/local/texlive/2016/texmf-dist/fonts/type1/urw/times/utmr8a.pf
b></usr/local/texlive/2016/texmf-dist/fonts/type1/urw/times/utmri8a.pfb>
Output written on thesis.pdf (97 pages, 399179 bytes).
PDF statistics:
 391 PDF objects out of 1000 (max. 8388607)
 270 compressed objects within 3 object streams
 0 named destinations out of 1000 (max. 500000)
 11 words of extra memory for PDF output out of 10000 (max. 10000000)

