Sep 17 22:41:00 PDT 2016	[master 15dd6ee]
Sep 17 22:55:00 PDT 2016	[master 13ee8c0]
Sep 17 22:59:00 PDT 2016	[master 802e564]
Sep 17 23:02:00 PDT 2016	[master 55bf807]
Sep 17 23:03:00 PDT 2016	[master 6eca933]
Sep 17 23:04:00 PDT 2016	[master 9aa9c97]
Sep 17 23:09:00 PDT 2016	[master d536481] (auto save via cron)
Sep 17 23:10:00 PDT 2016	[master 714b574] (auto save via cron)
Sep 17 23:11:00 PDT 2016	[master cf4df4b] (auto save via cron)
Sep 17 23:13:00 PDT 2016	[master c23e231] (auto save via cron)
Sep 17 23:15:00 PDT 2016	[master 9c03906] (auto save via cron)
Sep 17 23:16:00 PDT 2016	[master 38ec933] (auto save via cron)
Sep 17 23:17:00 PDT 2016	[master 8b63a9e] (auto save via cron)
Sep 17 23:18:00 PDT 2016	[master dc52fde] (auto save via cron)
Sep 17 23:19:00 PDT 2016	[master d9c8e52] (auto save via cron)
Sep 18 08:28:00 PDT 2016	[master 0b7be57] (auto save via cron)
Sep 18 08:38:00 PDT 2016	[master 643c70c] (auto save via cron)
Sep 18 08:39:00 PDT 2016	[master e2e61c8] (auto save via cron)
Sep 18 08:40:00 PDT 2016	[master 4e76d62] (auto save via cron)
Sep 18 08:41:00 PDT 2016	[master abbe620] (auto save via cron)
Sep 18 08:42:00 PDT 2016	[master e134775] (auto save via cron)
Sep 18 08:46:00 PDT 2016	[master 03a4140] (auto save via cron)
Sep 18 08:47:00 PDT 2016	[master abee9d1] (auto save via cron)
Sep 18 08:48:00 PDT 2016	[master 2df8c07] (auto save via cron)
Sep 18 08:49:00 PDT 2016	[master 05db72d] (auto save via cron)
Sep 18 09:01:00 PDT 2016	[master 566d21e] (auto save via cron)
Sep 18 09:02:00 PDT 2016	[master 743dfe8] (auto save via cron)
Sep 18 09:04:01 PDT 2016	[master d7c489e] (auto save via cron)
Sep 18 09:05:00 PDT 2016	[master 53fb106] (auto save via cron)
Sep 18 09:06:00 PDT 2016	[master 9c53705] (auto save via cron)
Sep 18 09:11:00 PDT 2016	[master 5bd5d8e] (auto save via cron)
Sep 18 09:12:00 PDT 2016	[master 02b5a40] (auto save via cron)
Sep 18 09:13:00 PDT 2016	[master fc36a8d] (auto save via cron)
Sep 18 09:14:00 PDT 2016	[master 41ef974] (auto save via cron)
Sep 18 09:15:00 PDT 2016	[master 371d58b] (auto save via cron)
Sep 18 09:16:00 PDT 2016	[master 51e7e7e] (auto save via cron)
Sep 18 09:19:00 PDT 2016	[master 1a82ae4] (auto save via cron)
Sep 18 09:20:00 PDT 2016	[master e152b18] (auto save via cron)
Sep 18 09:21:00 PDT 2016	[master 09f74d8] (auto save via cron)
Sep 18 09:22:00 PDT 2016	[master 30a90b9] (auto save via cron)
Sep 18 09:32:00 PDT 2016	[master d418237] (auto save via cron)
Sep 18 09:54:36 PDT 2016	[master 2b6b1a4] (auto save via cron)
Sep 18 09:55:00 PDT 2016	[master 7b0e38d] (auto save via cron)
Sep 18 09:56:00 PDT 2016	[master d829549] (auto save via cron)
Sep 18 09:57:00 PDT 2016	[master 4afd3c1] (auto save via cron)
Sep 18 10:00:00 PDT 2016	[master 89c45b2] (auto save via cron)
Sep 18 10:01:00 PDT 2016	fatal: unable to stat 'main/thesis.synctex.gz(busy)': No such file or directory
Sep 18 10:05:00 PDT 2016	[master 7ee5d3a] (auto save via cron)
Sep 18 10:06:00 PDT 2016	[master 0b818f7] (auto save via cron)
Sep 18 10:14:00 PDT 2016	[master 2e1fd93] (auto save via cron)
Sep 18 10:15:00 PDT 2016	[master f12b42e] (auto save via cron)
Sep 18 10:16:00 PDT 2016	[master 351f0b9] (auto save via cron)
Sep 18 10:17:00 PDT 2016	[master 7c82f0d] (auto save via cron)
Sep 18 10:18:00 PDT 2016	[master f14615f] (auto save via cron)
Sep 18 10:19:00 PDT 2016	[master ca62ce0] (auto save via cron)
Sep 18 10:20:00 PDT 2016	[master 7a2442f] (auto save via cron)
Sep 18 10:38:00 PDT 2016	[master 7d4e205] (auto save via cron)
Sep 18 10:39:00 PDT 2016	[master 2b91e23] (auto save via cron)
Sep 18 10:41:00 PDT 2016	[master 4ceacde] (auto save via cron)
Sep 18 23:03:42 PDT 2016	[master ecdeb4e] (auto save via cron)
Sep 28 22:44:00 PDT 2016	[master c0ac501] (auto save via cron)
Sep 28 22:45:00 PDT 2016	[master 73e0726] (auto save via cron)
Sep 28 22:46:00 PDT 2016	[master 0783174] (auto save via cron)
Sep 28 22:47:00 PDT 2016	[master 324949b] (auto save via cron)
Sep 28 22:48:00 PDT 2016	[master 50943b4] (auto save via cron)
Sep 28 22:49:00 PDT 2016	[master 440d6c7] (auto save via cron)
Sep 28 22:52:00 PDT 2016	[master d88a049] (auto save via cron)
Sep 28 22:53:00 PDT 2016	[master eb1962b] (auto save via cron)
Sep 28 22:54:00 PDT 2016	[master 9e0a4d6] (auto save via cron)
Sep 28 22:55:00 PDT 2016	[master c8589d9] (auto save via cron)
Sep 28 22:56:00 PDT 2016	[master 882228e] (auto save via cron)
Sep 28 22:57:00 PDT 2016	[master 03a8fc8] (auto save via cron)
Sep 28 22:58:00 PDT 2016	[master 4a9c5a7] (auto save via cron)
Sep 28 22:59:00 PDT 2016	[master 2123805] (auto save via cron)
Sep 28 23:00:00 PDT 2016	[master de27c91] (auto save via cron)
Sep 28 23:01:00 PDT 2016	[master 755e697] (auto save via cron)
Sep 28 23:02:00 PDT 2016	[master 376159f] (auto save via cron)
Sep 28 23:03:00 PDT 2016	[master 719aa43] (auto save via cron)
Sep 28 23:04:00 PDT 2016	[master f1bbeab] (auto save via cron)
Sep 28 23:05:00 PDT 2016	[master 943dea9] (auto save via cron)
Sep 28 23:06:00 PDT 2016	[master aa9271e] (auto save via cron)
Sep 28 23:07:00 PDT 2016	[master 2b58972] (auto save via cron)
Sep 28 23:08:01 PDT 2016	[master 0123c81] (auto save via cron)
Sep 28 23:09:00 PDT 2016	[master b1ccc4f] (auto save via cron)
Sep 28 23:10:00 PDT 2016	[master 0d4d531] (auto save via cron)
Sep 28 23:11:00 PDT 2016	[master 92b3ee9] (auto save via cron)
Sep 28 23:12:00 PDT 2016	[master 526bb53] (auto save via cron)
Sep 28 23:13:00 PDT 2016	[master 0c0fb6c] (auto save via cron)
Sep 28 23:14:00 PDT 2016	[master 339adde] (auto save via cron)
Sep 28 23:15:00 PDT 2016	[master a2441a8] (auto save via cron)
Sep 28 23:16:00 PDT 2016	[master a6abc5c] (auto save via cron)
Sep 28 23:17:00 PDT 2016	[master 4b42e88] (auto save via cron)
Sep 28 23:18:00 PDT 2016	[master 87ae7ab] (auto save via cron)
Sep 28 23:19:00 PDT 2016	[master 858d443] (auto save via cron)
Sep 28 23:20:01 PDT 2016	[master 758233d] (auto save via cron)
Sep 28 23:21:01 PDT 2016	[master 8cf90e0] (auto save via cron)
Sep 28 23:22:00 PDT 2016	[master 2218968] (auto save via cron)
Sep 28 23:23:00 PDT 2016	[master 5bf8ba0] (auto save via cron)
Sep 28 23:24:00 PDT 2016	[master 7a63a8b] (auto save via cron)
Sep 28 23:25:00 PDT 2016	[master 7e8fbbf] (auto save via cron)
Sep 28 23:26:00 PDT 2016	[master 6af3542] (auto save via cron)
Sep 28 23:28:01 PDT 2016	[master 055c69e] (auto save via cron)
Sep 28 23:29:00 PDT 2016	[master 984702f] (auto save via cron)
Sep 28 23:30:00 PDT 2016	[master ff6e988] (auto save via cron)
Sep 28 23:31:00 PDT 2016	[master 106ea95] (auto save via cron)
Sep 28 23:32:00 PDT 2016	[master 4c38a52] (auto save via cron)
Sep 28 23:33:00 PDT 2016	[master f7a54e3] (auto save via cron)
Sep 28 23:34:00 PDT 2016	[master 51df1cc] (auto save via cron)
Sep 28 23:35:00 PDT 2016	[master 1279a5e] (auto save via cron)
Sep 28 23:44:00 PDT 2016	[master dc85d49] (auto save via cron)
Sep 28 23:46:00 PDT 2016	[master 701ec27] (auto save via cron)
Sep 28 23:48:00 PDT 2016	[master f7a634b] (auto save via cron)
Sep 28 23:49:00 PDT 2016	[master fa26835] (auto save via cron)
Sep 28 23:50:00 PDT 2016	[master 63e09d2] (auto save via cron)
Sep 28 23:51:00 PDT 2016	[master e677ccb] (auto save via cron)
Sep 28 23:52:00 PDT 2016	[master 5a762ab] (auto save via cron)
Sep 28 23:53:01 PDT 2016	[master 3cf48c3] (auto save via cron)
Sep 28 23:57:00 PDT 2016	[master 6d17b8b] (auto save via cron)
Sep 28 23:58:00 PDT 2016	[master 2fdee13] (auto save via cron)
Sep 28 23:59:00 PDT 2016	[master c092fd8] (auto save via cron)
Sep 29 00:00:00 PDT 2016	[master b7e072c] (auto save via cron)
Sep 29 00:01:00 PDT 2016	[master e2e35cc] (auto save via cron)
Sep 29 00:02:00 PDT 2016	[master 7ade8de] (auto save via cron)
Sep 29 00:03:00 PDT 2016	[master 5d38e6b] (auto save via cron)
Sep 29 00:04:00 PDT 2016	[master 3dc3d02] (auto save via cron)
Sep 29 00:05:00 PDT 2016	[master f6edaaf] (auto save via cron)
Sep 29 00:06:00 PDT 2016	[master ced276c] (auto save via cron)
Sep 29 00:07:00 PDT 2016	[master 0e04a36] (auto save via cron)
Sep 29 00:08:00 PDT 2016	[master ef0db0f] (auto save via cron)
Sep 29 00:09:00 PDT 2016	[master 929cb0a] (auto save via cron)
Sep 29 18:38:00 PDT 2016	[master c4e8909] (auto save via cron)
Sep 29 18:40:00 PDT 2016	[master ce904ce] (auto save via cron)
Sep 29 18:41:00 PDT 2016	[master 19e5a93] (auto save via cron)
Sep 29 18:42:00 PDT 2016	[master 60f4480] (auto save via cron)
Sep 29 18:44:00 PDT 2016	[master e146ec2] (auto save via cron)
Sep 29 18:45:00 PDT 2016	[master 6e4598f] (auto save via cron)
Sep 29 18:46:00 PDT 2016	[master a0f0901] (auto save via cron)
Sep 29 18:53:00 PDT 2016	[master ec8b0ae] (auto save via cron)
Sep 29 18:55:00 PDT 2016	[master 1d95b58] (auto save via cron)
Sep 29 18:56:00 PDT 2016	[master 0f169b5] (auto save via cron)
Sep 29 18:58:00 PDT 2016	[master b2dd19c] (auto save via cron)
Sep 29 19:01:00 PDT 2016	[master 40ee2e0] (auto save via cron)
Sep 29 19:02:00 PDT 2016	[master 71096cd] (auto save via cron)
Sep 29 19:04:00 PDT 2016	[master b1bbc21] (auto save via cron)
Sep 29 19:05:00 PDT 2016	[master 08986af] (auto save via cron)
Sep 29 19:06:00 PDT 2016	[master 1589676] (auto save via cron)
Sep 29 19:07:00 PDT 2016	[master 06a3740] (auto save via cron)
Sep 29 19:10:00 PDT 2016	[master 69785b5] (auto save via cron)
Sep 29 19:11:00 PDT 2016	[master 2fcb860] (auto save via cron)
Sep 29 19:12:00 PDT 2016	[master ef20b71] (auto save via cron)
Sep 29 19:13:00 PDT 2016	[master faf8a83] (auto save via cron)
Sep 29 19:24:00 PDT 2016	[master 1e220d0] (auto save via cron)
Sep 29 19:25:00 PDT 2016	[master 7cfc4b6] (auto save via cron)
Sep 29 21:24:00 PDT 2016	[master d9114df] (auto save via cron)
Sep 29 21:25:00 PDT 2016	[master 44846c6] (auto save via cron)
Sep 29 21:26:00 PDT 2016	[master 93d1a8d] (auto save via cron)
Sep 29 21:27:00 PDT 2016	[master 0cc27cb] (auto save via cron)
Sep 29 21:28:00 PDT 2016	[master 568b769] (auto save via cron)
Sep 29 21:29:00 PDT 2016	[master e16f6a6] (auto save via cron)
Sep 29 21:37:00 PDT 2016	[master 3f506cf] (auto save via cron)
Oct  3 23:57:00 PDT 2016	[master de38432] (auto save via cron)
Oct  3 23:58:00 PDT 2016	[master e11ca6d] (auto save via cron)
Oct  3 23:59:00 PDT 2016	[master 2753a53] (auto save via cron)
Oct  4 00:00:00 PDT 2016	[master d3927e1] (auto save via cron)
Oct  4 00:01:00 PDT 2016	[master e4fd068] (auto save via cron)
Oct  4 00:02:00 PDT 2016	[master 8769c58] (auto save via cron)
Oct  7 13:02:00 PDT 2016	[master 97e16d7] (auto save via cron)
Oct  7 13:03:00 PDT 2016	[master cbcb3aa] (auto save via cron)
Oct  7 13:04:00 PDT 2016	[master 3b9bdc2] (auto save via cron)
Oct  7 13:05:01 PDT 2016	[master 54c44eb] (auto save via cron)
Oct  7 13:06:00 PDT 2016	[master 14174d7] (auto save via cron)
Oct  7 13:07:00 PDT 2016	[master 3ae7bc6] (auto save via cron)
Oct  7 13:08:00 PDT 2016	[master bbc266a] (auto save via cron)
Oct  7 13:09:00 PDT 2016	[master 83f300e] (auto save via cron)
Oct  7 13:10:00 PDT 2016	[master 9caa39c] (auto save via cron)
Oct  7 13:11:00 PDT 2016	[master d808247] (auto save via cron)
Oct  7 13:12:00 PDT 2016	[master f45e83d] (auto save via cron)
Oct  7 13:13:00 PDT 2016	[master 62ca42c] (auto save via cron)
Oct  7 13:14:00 PDT 2016	[master a946414] (auto save via cron)
Oct 23 14:04:37 PDT 2016	fatal: Unable to create '/Users/haden/stanford/thesis/.git/index.lock': File exists.
Oct 23 14:15:00 PDT 2016	[master 3e1d891] (auto save via cron)
Oct 23 14:16:00 PDT 2016	[master 4673a03] (auto save via cron)
Oct 23 14:17:00 PDT 2016	[master ee9938b] (auto save via cron)
Oct 23 14:18:00 PDT 2016	[master 165c0c6] (auto save via cron)
Oct 23 14:19:00 PDT 2016	[master 1760550] (auto save via cron)
Oct 23 14:20:00 PDT 2016	[master c9dd46a] (auto save via cron)
Oct 23 14:21:00 PDT 2016	[master 1644756] (auto save via cron)
Oct 23 14:22:00 PDT 2016	[master ea31219] (auto save via cron)
Oct 23 14:23:00 PDT 2016	[master 675201d] (auto save via cron)
Oct 23 14:24:00 PDT 2016	[master b28c420] (auto save via cron)
Oct 23 14:25:00 PDT 2016	[master 151e088] (auto save via cron)
Oct 23 14:26:00 PDT 2016	[master 5ce4688] (auto save via cron)
Oct 23 14:27:00 PDT 2016	[master 04634ee] (auto save via cron)
Oct 23 14:28:00 PDT 2016	[master 9e956f2] (auto save via cron)
Oct 23 14:29:00 PDT 2016	[master e8e3efc] (auto save via cron)
Oct 23 14:30:01 PDT 2016	[master a20d9e8] (auto save via cron)
Oct 23 14:31:00 PDT 2016	[master 07c4357] (auto save via cron)
Oct 23 14:32:00 PDT 2016	[master 30c4a82] (auto save via cron)
Oct 23 14:33:00 PDT 2016	[master 6315cc8] (auto save via cron)
Oct 23 14:34:00 PDT 2016	[master 2fb0845] (auto save via cron)
Oct 23 14:35:00 PDT 2016	[master 059a625] (auto save via cron)
Oct 23 14:36:00 PDT 2016	[master 688667b] (auto save via cron)
Oct 23 14:37:00 PDT 2016	[master d5ef047] (auto save via cron)
Oct 23 14:38:00 PDT 2016	[master 0746236] (auto save via cron)
Oct 23 14:39:00 PDT 2016	[master d6ead0b] (auto save via cron)
Oct 23 14:40:00 PDT 2016	[master 5e125fc] (auto save via cron)
Oct 23 14:41:00 PDT 2016	[master 9ef1afe] (auto save via cron)
Oct 23 14:45:00 PDT 2016	[master 2b9d305] (auto save via cron)
Oct 23 15:06:00 PDT 2016	[master 6af719c] (auto save via cron)
Oct 23 15:07:01 PDT 2016	[master 072d4f5] (auto save via cron)
Oct 23 15:08:00 PDT 2016	[master fa35cc9] (auto save via cron)
Oct 23 15:09:00 PDT 2016	[master cb30d28] (auto save via cron)
Oct 23 15:10:00 PDT 2016	[master 4c16893] (auto save via cron)
Oct 23 15:22:00 PDT 2016	[master c9de7ae] (auto save via cron)
Oct 23 15:38:01 PDT 2016	[master 3e4dc28] (auto save via cron)
Oct 23 15:39:00 PDT 2016	[master 2604fd3] (auto save via cron)
Oct 23 15:57:00 PDT 2016	[master 942280b] (auto save via cron)
Oct 23 15:58:01 PDT 2016	[master a716531] (auto save via cron)
Oct 23 16:14:00 PDT 2016	[master 21efdd0] (auto save via cron)
Oct 23 16:15:00 PDT 2016	[master ff18a7f] (auto save via cron)
Oct 23 16:18:00 PDT 2016	[master 601b63b] (auto save via cron)
Oct 30 10:30:00 PDT 2016	[master d6d5c7c] (auto save via cron)
Oct 30 10:31:00 PDT 2016	[master 504f838] (auto save via cron)
Oct 30 10:32:00 PDT 2016	[master 5f28507] (auto save via cron)
Oct 30 10:33:00 PDT 2016	[master 12941f3] (auto save via cron)
Oct 30 10:34:00 PDT 2016	[master dfda852] (auto save via cron)
Oct 30 10:35:00 PDT 2016	[master 9034c85] (auto save via cron)
Oct 30 10:36:01 PDT 2016	[master 20df54a] (auto save via cron)
Oct 30 10:37:00 PDT 2016	[master 4a1b3d0] (auto save via cron)
Oct 30 10:42:00 PDT 2016	[master d26caa3] (auto save via cron)
Oct 30 10:43:00 PDT 2016	[master 1fea47b] (auto save via cron)
Oct 30 10:45:00 PDT 2016	[master 662c29d] (auto save via cron)
Oct 30 10:46:00 PDT 2016	[master 7446717] (auto save via cron)
Oct 30 10:48:00 PDT 2016	[master eb27a57] (auto save via cron)
Oct 30 10:49:00 PDT 2016	[master e1dff60] (auto save via cron)
Oct 30 10:50:00 PDT 2016	[master 1cf326e] (auto save via cron)
Oct 30 10:51:00 PDT 2016	[master 19a0091] (auto save via cron)
Oct 30 10:52:00 PDT 2016	[master 62b1eb3] (auto save via cron)
Oct 30 10:56:00 PDT 2016	[master beb8641] (auto save via cron)
Oct 30 10:57:00 PDT 2016	[master 89f9490] (auto save via cron)
Oct 30 10:58:01 PDT 2016	[master 80f24df] (auto save via cron)
Oct 30 10:59:00 PDT 2016	[master 3b296b7] (auto save via cron)
Oct 30 11:00:00 PDT 2016	[master 06b1a50] (auto save via cron)
Oct 30 11:01:00 PDT 2016	[master 7a2b0c0] (auto save via cron)
Oct 30 11:02:00 PDT 2016	[master 5118be5] (auto save via cron)
Oct 30 11:03:01 PDT 2016	[master bae84e0] (auto save via cron)
Oct 30 11:06:00 PDT 2016	[master ecc6841] (auto save via cron)
Oct 30 11:07:00 PDT 2016	[master 45e1098] (auto save via cron)
Oct 30 13:16:00 PDT 2016	[master 7d72039] (auto save via cron)
Oct 30 13:23:00 PDT 2016	[master 5e09686] (auto save via cron)
Oct 30 13:24:00 PDT 2016	[master fc93f0c] (auto save via cron)
Oct 30 13:29:00 PDT 2016	[master 7036cbc] (auto save via cron)
Oct 30 13:36:00 PDT 2016	[master b2b9257] (auto save via cron)
Oct 30 13:37:00 PDT 2016	[master 85adb74] (auto save via cron)
Oct 30 13:38:00 PDT 2016	[master d0ab1af] (auto save via cron)
Oct 30 13:39:00 PDT 2016	[master 0d95cd5] (auto save via cron)
Oct 30 13:40:00 PDT 2016	[master bfdd3fa] (auto save via cron)
Oct 30 13:41:00 PDT 2016	[master 16cd444] (auto save via cron)
Oct 30 13:42:01 PDT 2016	[master c6b1d74] (auto save via cron)
Oct 30 13:43:00 PDT 2016	[master 11eb7df] (auto save via cron)
Oct 30 13:44:00 PDT 2016	[master 665ab0b] (auto save via cron)
Oct 30 13:46:00 PDT 2016	[master 664a48a] (auto save via cron)
Oct 30 14:46:00 PDT 2016	[master 7703eb8] (auto save via cron)
Oct 30 14:47:00 PDT 2016	[master ac03aa3] (auto save via cron)
Oct 30 14:53:00 PDT 2016	[master 8d32781] (auto save via cron)
Oct 30 14:54:00 PDT 2016	[master fb57552] (auto save via cron)
Oct 30 14:55:00 PDT 2016	[master f0dca92] (auto save via cron)
Oct 30 19:01:00 PDT 2016	[master 09593fc] (auto save via cron)
Oct 30 19:02:00 PDT 2016	[master bb0cb41] (auto save via cron)
Oct 30 19:10:00 PDT 2016	[master ac8adec] (auto save via cron)
Oct 30 19:11:00 PDT 2016	[master bd17364] (auto save via cron)
Oct 30 19:12:01 PDT 2016	[master 769e789] (auto save via cron)
Oct 30 19:13:00 PDT 2016	[master c5ae8f7] (auto save via cron)
Oct 30 19:23:00 PDT 2016	[master 7f4e564] (auto save via cron)
Oct 31 11:49:00 PDT 2016	[master fabd8f1] (auto save via cron)
Oct 31 11:50:00 PDT 2016	[master b339959] (auto save via cron)
Oct 31 11:51:00 PDT 2016	[master a7fdbb7] (auto save via cron)
Oct 31 11:52:00 PDT 2016	[master d2a8e10] (auto save via cron)
Oct 31 11:53:00 PDT 2016	[master a14bae0] (auto save via cron)
Oct 31 11:54:00 PDT 2016	[master 5094655] (auto save via cron)
Oct 31 11:55:00 PDT 2016	[master d16fb98] (auto save via cron)
Oct 31 11:56:00 PDT 2016	[master d8dfe71] (auto save via cron)
Oct 31 11:58:00 PDT 2016	[master d7c5f54] (auto save via cron)
Oct 31 11:59:00 PDT 2016	[master 7ff5050] (auto save via cron)
Oct 31 12:00:00 PDT 2016	[master c54e9f3] (auto save via cron)
Oct 31 12:01:01 PDT 2016	[master b31b037] (auto save via cron)
Oct 31 12:17:00 PDT 2016	[master 887d39e] (auto save via cron)
Oct 31 12:18:00 PDT 2016	[master 53ea46c] (auto save via cron)
Oct 31 12:19:00 PDT 2016	[master d1a5e41] (auto save via cron)
Oct 31 12:20:00 PDT 2016	[master 5f40457] (auto save via cron)
Oct 31 12:21:00 PDT 2016	[master e51c31e] (auto save via cron)
Oct 31 12:22:00 PDT 2016	[master e215d35] (auto save via cron)
Oct 31 12:23:01 PDT 2016	[master aa4e4ac] (auto save via cron)
Oct 31 12:31:00 PDT 2016	[master 32d7e03] (auto save via cron)
Oct 31 12:32:00 PDT 2016	[master cb3df45] (auto save via cron)
Oct 31 12:41:00 PDT 2016	[master f376d60] (auto save via cron)
Oct 31 12:51:00 PDT 2016	[master 93177ec] (auto save via cron)
Oct 31 12:53:00 PDT 2016	[master 335d2f1] (auto save via cron)
Oct 31 12:55:00 PDT 2016	[master d501326] (auto save via cron)
Oct 31 12:56:00 PDT 2016	[master 31a3460] (auto save via cron)
Oct 31 12:57:00 PDT 2016	[master ac0bf89] (auto save via cron)
Oct 31 12:59:00 PDT 2016	[master 61f6c6c] (auto save via cron)
Oct 31 13:00:00 PDT 2016	[master 30a8c5e] (auto save via cron)
Oct 31 13:01:00 PDT 2016	[master 79a7127] (auto save via cron)
Oct 31 13:02:00 PDT 2016	[master 7d53f6e] (auto save via cron)
Oct 31 13:04:00 PDT 2016	[master 24c11f3] (auto save via cron)
Oct 31 13:05:00 PDT 2016	[master 20fa9c7] (auto save via cron)
Oct 31 13:06:00 PDT 2016	[master f362954] (auto save via cron)
Oct 31 13:07:00 PDT 2016	[master 66df6e0] (auto save via cron)
Oct 31 13:08:00 PDT 2016	[master c4748a5] (auto save via cron)
Oct 31 13:09:00 PDT 2016	[master 93ed29a] (auto save via cron)
Oct 31 13:20:00 PDT 2016	[master aea1752] (auto save via cron)
Oct 31 13:22:00 PDT 2016	[master 46d5f96] (auto save via cron)
Oct 31 13:23:00 PDT 2016	[master c0a1802] (auto save via cron)
Oct 31 13:26:00 PDT 2016	[master 3b7cbcc] (auto save via cron)
Oct 31 13:28:00 PDT 2016	[master d34984b] (auto save via cron)
Oct 31 13:29:01 PDT 2016	[master 52f25f5] (auto save via cron)
Oct 31 13:38:00 PDT 2016	[master 14409fc] (auto save via cron)
Oct 31 13:39:00 PDT 2016	[master 2b3418e] (auto save via cron)
Oct 31 13:40:00 PDT 2016	[master 8fbec1c] (auto save via cron)
Oct 31 13:41:00 PDT 2016	[master 0cb1f73] (auto save via cron)
Oct 31 13:42:00 PDT 2016	[master d044c8c] (auto save via cron)
Oct 31 13:44:00 PDT 2016	[master 1e1f3f6] (auto save via cron)
Oct 31 13:50:00 PDT 2016	[master b54acd8] (auto save via cron)
Oct 31 13:51:00 PDT 2016	[master 309592c] (auto save via cron)
Oct 31 13:52:00 PDT 2016	[master 20e0f80] (auto save via cron)
Oct 31 13:53:00 PDT 2016	[master d4d319e] (auto save via cron)
Oct 31 13:54:00 PDT 2016	[master b553bc0] (auto save via cron)
Oct 31 13:55:00 PDT 2016	[master 7402388] (auto save via cron)
Oct 31 13:56:00 PDT 2016	[master 688620b] (auto save via cron)
Oct 31 13:57:00 PDT 2016	[master 2a45e04] (auto save via cron)
Oct 31 13:58:00 PDT 2016	[master d7a6b6b] (auto save via cron)
Oct 31 13:59:00 PDT 2016	[master dfca341] (auto save via cron)
Oct 31 14:47:00 PDT 2016	[master 13ebb7d] (auto save via cron)
Oct 31 14:48:00 PDT 2016	[master 5533546] (auto save via cron)
Oct 31 14:49:01 PDT 2016	[master feb59e3] (auto save via cron)
Oct 31 14:50:00 PDT 2016	[master b301216] (auto save via cron)
Nov  1 14:17:00 PDT 2016	[master afca033] (auto save via cron)
Nov  1 14:19:00 PDT 2016	[master 7f1b370] (auto save via cron)
Nov  1 14:20:00 PDT 2016	[master 0a351ee] (auto save via cron)
Nov  1 14:21:00 PDT 2016	[master 66c65f0] (auto save via cron)
Nov  1 14:22:00 PDT 2016	[master a8d71ef] (auto save via cron)
Nov  1 14:23:00 PDT 2016	[master 9134ff7] (auto save via cron)
Nov  1 14:25:00 PDT 2016	[master 49261d7] (auto save via cron)
Nov  1 14:26:00 PDT 2016	[master e4c61e1] (auto save via cron)
Nov  1 14:27:00 PDT 2016	[master aeead85] (auto save via cron)
Nov  1 14:28:00 PDT 2016	[master 7fc6c19] (auto save via cron)
Nov  1 14:29:01 PDT 2016	[master 575ca76] (auto save via cron)
Nov  1 14:30:00 PDT 2016	[master 4384b7c] (auto save via cron)
Nov  1 14:31:00 PDT 2016	[master 4533776] (auto save via cron)
Nov  1 14:32:00 PDT 2016	[master f9ae0cd] (auto save via cron)
Nov  1 14:33:01 PDT 2016	[master 46fa9d4] (auto save via cron)
Nov  1 14:34:00 PDT 2016	[master f220004] (auto save via cron)
Nov  1 14:35:00 PDT 2016	[master f2e5261] (auto save via cron)
Nov  1 14:36:00 PDT 2016	[master 0e0b425] (auto save via cron)
Nov  1 14:37:00 PDT 2016	[master 0eddf18] (auto save via cron)
Nov  1 14:38:00 PDT 2016	[master 5e9ad11] (auto save via cron)
Nov  1 14:39:00 PDT 2016	[master 0226e34] (auto save via cron)
Nov  1 14:40:00 PDT 2016	[master 9f6bafe] (auto save via cron)
Nov  1 14:41:00 PDT 2016	[master 39ba915] (auto save via cron)
Nov  1 14:42:00 PDT 2016	[master 753487f] (auto save via cron)
Nov  1 14:43:01 PDT 2016	[master 4667231] (auto save via cron)
Nov  1 14:44:00 PDT 2016	[master 6708671] (auto save via cron)
Nov  1 14:45:00 PDT 2016	[master 77b30fe] (auto save via cron)
Nov  1 14:46:00 PDT 2016	[master f52032e] (auto save via cron)
Nov  1 14:47:00 PDT 2016	[master 97c33c9] (auto save via cron)
Nov  1 14:48:00 PDT 2016	[master 2ab3f45] (auto save via cron)
Nov  1 14:49:00 PDT 2016	[master 65ff8d8] (auto save via cron)
Nov  1 14:50:00 PDT 2016	[master e41fdbc] (auto save via cron)
Nov  1 14:51:00 PDT 2016	[master 1f6da14] (auto save via cron)
Nov  1 14:55:01 PDT 2016	[master a02fe5d] (auto save via cron)
Nov  1 14:56:00 PDT 2016	[master 388b375] (auto save via cron)
Nov  1 14:57:00 PDT 2016	[master a037094] (auto save via cron)
Nov  1 14:59:00 PDT 2016	[master 2e7c47e] (auto save via cron)
Nov  1 15:01:00 PDT 2016	[master 489ebaa] (auto save via cron)
Nov  1 15:02:00 PDT 2016	[master d2329f4] (auto save via cron)
Nov  1 15:04:00 PDT 2016	[master 44a7dc3] (auto save via cron)
Nov  1 15:05:00 PDT 2016	[master 190d719] (auto save via cron)
Nov  1 15:06:01 PDT 2016	[master 9381df4] (auto save via cron)
Nov  1 15:07:00 PDT 2016	[master fc28587] (auto save via cron)
Nov  1 15:08:00 PDT 2016	[master 9ba9541] (auto save via cron)
Nov  1 15:09:00 PDT 2016	[master 25b936c] (auto save via cron)
Nov  1 15:10:00 PDT 2016	[master cb52a95] (auto save via cron)
Nov  1 15:11:00 PDT 2016	[master dbea9c8] (auto save via cron)
Nov  1 15:22:00 PDT 2016	[master 9671293] (auto save via cron)
Nov  1 15:23:00 PDT 2016	[master bf20b55] (auto save via cron)
Nov  1 15:24:00 PDT 2016	[master 2508d8b] (auto save via cron)
Nov  1 15:28:00 PDT 2016	[master 08e5681] (auto save via cron)
Nov  1 15:29:00 PDT 2016	[master a611080] (auto save via cron)
Nov  1 15:30:00 PDT 2016	[master a6c34f0] (auto save via cron)
Nov  1 15:31:00 PDT 2016	[master 051436c] (auto save via cron)
Nov  1 15:38:00 PDT 2016	[master cadfe74] (auto save via cron)
Nov  1 15:39:00 PDT 2016	[master 80fe52c] (auto save via cron)
Nov  1 15:42:00 PDT 2016	[master 84285c0] (auto save via cron)
Nov  1 15:44:01 PDT 2016	[master 534bd6c] (auto save via cron)
Nov  1 15:45:00 PDT 2016	[master ba687aa] (auto save via cron)
Nov  1 15:46:00 PDT 2016	[master fafd894] (auto save via cron)
Nov  1 20:18:00 PDT 2016	[master e6e0ac8] (auto save via cron)
Nov  1 21:49:00 PDT 2016	[master 4595e3b] (auto save via cron)
Nov  1 21:50:00 PDT 2016	[master fab17ac] (auto save via cron)
Nov  1 21:51:00 PDT 2016	[master bdc945b] (auto save via cron)
Nov  1 21:58:00 PDT 2016	[master a49f266] (auto save via cron)
Nov  1 21:59:00 PDT 2016	[master f0543da] (auto save via cron)
Nov  1 22:00:00 PDT 2016	[master 4ea8370] (auto save via cron)
Nov  1 22:01:00 PDT 2016	[master 1d3314e] (auto save via cron)
Nov  1 22:02:00 PDT 2016	[master 208de2b] (auto save via cron)
Nov  1 22:04:00 PDT 2016	[master 08b2068] (auto save via cron)
Nov  1 22:05:00 PDT 2016	[master aa93dab] (auto save via cron)
Nov  1 22:06:00 PDT 2016	[master 4ae9a06] (auto save via cron)
Nov  1 22:07:00 PDT 2016	[master 9068d78] (auto save via cron)
Nov  1 22:08:00 PDT 2016	[master b276890] (auto save via cron)
Nov  1 22:09:00 PDT 2016	[master cf32037] (auto save via cron)
Nov  1 22:10:00 PDT 2016	[master f1fd5a2] (auto save via cron)
Nov  1 22:11:00 PDT 2016	[master 27f8ea5] (auto save via cron)
Nov  1 22:12:00 PDT 2016	[master ccff473] (auto save via cron)
Nov  1 22:13:00 PDT 2016	[master cb20844] (auto save via cron)
Nov  1 22:14:00 PDT 2016	[master 05b5512] (auto save via cron)
Nov  1 22:15:00 PDT 2016	[master 977c40b] (auto save via cron)
Nov  1 22:16:00 PDT 2016	[master b1d59c2] (auto save via cron)
Nov  1 22:17:01 PDT 2016	[master a19be06] (auto save via cron)
Nov  1 22:18:00 PDT 2016	[master d9465b3] (auto save via cron)
Nov  1 22:19:00 PDT 2016	[master e1d8099] (auto save via cron)
Nov  1 22:20:00 PDT 2016	[master 7104fae] (auto save via cron)
Nov  1 22:23:00 PDT 2016	[master ebd2fb2] (auto save via cron)
Nov  1 22:24:01 PDT 2016	[master 4ac38c6] (auto save via cron)
Nov  1 22:25:00 PDT 2016	[master 88f8b93] (auto save via cron)
Nov  1 22:26:00 PDT 2016	[master 92dea2a] (auto save via cron)
Nov  1 22:27:00 PDT 2016	[master 043a249] (auto save via cron)
Nov  1 22:28:00 PDT 2016	[master 6876966] (auto save via cron)
Nov  1 22:29:00 PDT 2016	[master 90dd09d] (auto save via cron)
Nov  1 22:30:00 PDT 2016	[master 387abdd] (auto save via cron)
Nov  1 22:31:00 PDT 2016	[master 8561c98] (auto save via cron)
Nov  1 22:43:00 PDT 2016	[master 869ac74] (auto save via cron)
Nov  1 22:44:00 PDT 2016	[master cefe520] (auto save via cron)
Nov  1 22:49:01 PDT 2016	[master 6b20276] (auto save via cron)
Nov  1 22:52:00 PDT 2016	[master c94baab] (auto save via cron)
Nov  1 22:53:00 PDT 2016	[master b04dcb2] (auto save via cron)
Nov  1 22:54:00 PDT 2016	[master 2fc5233] (auto save via cron)
Nov  1 22:55:00 PDT 2016	[master 5406294] (auto save via cron)
Nov  1 22:56:00 PDT 2016	[master 34048d6] (auto save via cron)
Nov  1 22:57:01 PDT 2016	[master fa02a23] (auto save via cron)
Nov  1 22:58:00 PDT 2016	[master 8207c9c] (auto save via cron)
Nov  1 22:59:00 PDT 2016	[master 93cec61] (auto save via cron)
Nov  1 23:00:00 PDT 2016	[master 1067810] (auto save via cron)
Nov  1 23:01:00 PDT 2016	[master c20c1ec] (auto save via cron)
Nov  1 23:02:00 PDT 2016	[master 5b9d618] (auto save via cron)
Nov  1 23:03:00 PDT 2016	[master 47e6bb2] (auto save via cron)
Nov  1 23:04:00 PDT 2016	[master e44168a] (auto save via cron)
Nov  1 23:06:00 PDT 2016	[master ab67d66] (auto save via cron)
Nov  1 23:09:00 PDT 2016	[master 96db4ab] (auto save via cron)
Nov  1 23:10:00 PDT 2016	[master 84e77d3] (auto save via cron)
Nov  1 23:12:00 PDT 2016	[master 31dceed] (auto save via cron)
Nov  1 23:13:00 PDT 2016	[master 5aabffa] (auto save via cron)
Nov  1 23:14:00 PDT 2016	[master 35d5b04] (auto save via cron)
Nov  1 23:15:00 PDT 2016	[master 436d76a] (auto save via cron)
Nov  1 23:16:00 PDT 2016	[master 59b3906] (auto save via cron)
Nov  1 23:17:00 PDT 2016	[master 31f318d] (auto save via cron)
Nov  1 23:18:00 PDT 2016	[master 5d384c6] (auto save via cron)
Nov  1 23:19:00 PDT 2016	[master e165317] (auto save via cron)
Nov  1 23:39:00 PDT 2016	[master 3b5668b] (auto save via cron)
Nov  1 23:40:00 PDT 2016	[master 8373c5e] (auto save via cron)
Nov  1 23:41:00 PDT 2016	[master 901e397] (auto save via cron)
Nov  1 23:42:00 PDT 2016	[master cf0dcc7] (auto save via cron)
Nov  1 23:46:00 PDT 2016	[master efd669b] (auto save via cron)
Nov  1 23:47:00 PDT 2016	[master ac4f859] (auto save via cron)
Nov  2 11:12:00 PDT 2016	[master 96f4594] (auto save via cron)
Nov  2 12:45:00 PDT 2016	[master c99d839] (auto save via cron)
Nov  2 12:46:00 PDT 2016	[master 645ae94] (auto save via cron)
Nov  2 12:47:00 PDT 2016	[master 115eb7d] (auto save via cron)
Nov  2 12:48:01 PDT 2016	[master 9c0f94c] (auto save via cron)
Nov  2 12:49:00 PDT 2016	[master 5fbac5a] (auto save via cron)
Nov  2 12:50:00 PDT 2016	[master 62e7fc1] (auto save via cron)
Nov  2 12:51:00 PDT 2016	[master ebf2515] (auto save via cron)
Nov  2 12:52:01 PDT 2016	[master 08fc14e] (auto save via cron)
Nov  2 12:56:00 PDT 2016	[master d059747] (auto save via cron)
Nov  2 12:57:00 PDT 2016	[master 7985abc] (auto save via cron)
Nov  2 12:58:00 PDT 2016	[master cbc041b] (auto save via cron)
Nov  2 12:59:00 PDT 2016	[master a990c96] (auto save via cron)
Nov  2 13:00:00 PDT 2016	[master 0823ea4] (auto save via cron)
Nov  2 13:01:00 PDT 2016	[master 735d80a] (auto save via cron)
Nov  2 13:02:00 PDT 2016	[master dd87f6c] (auto save via cron)
Nov  2 13:12:00 PDT 2016	[master 52a66e6] (auto save via cron)
Nov  2 13:13:00 PDT 2016	[master e872904] (auto save via cron)
Nov  2 13:14:01 PDT 2016	[master 7595cd2] (auto save via cron)
Nov  2 13:15:00 PDT 2016	[master b5dddb6] (auto save via cron)
Nov  2 13:16:00 PDT 2016	[master 4fcc24f] (auto save via cron)
Nov  2 13:18:00 PDT 2016	[master cb4ead3] (auto save via cron)
Nov  2 13:19:00 PDT 2016	[master 3e67eba] (auto save via cron)
Nov  2 13:20:00 PDT 2016	[master 1b14d4f] (auto save via cron)
Nov  2 13:21:00 PDT 2016	[master 4955f2a] (auto save via cron)
Nov  2 13:22:00 PDT 2016	[master 6960987] (auto save via cron)
Nov  2 13:23:00 PDT 2016	[master 3cbc0cc] (auto save via cron)
Nov  2 13:27:00 PDT 2016	[master 10c9cf2] (auto save via cron)
Nov  2 13:28:01 PDT 2016	[master 6d9799c] (auto save via cron)
Nov  2 13:29:00 PDT 2016	[master 233f058] (auto save via cron)
Nov  2 13:30:00 PDT 2016	[master 736b8ec] (auto save via cron)
Nov  2 13:45:00 PDT 2016	[master 5829846] (auto save via cron)
Nov  2 13:46:00 PDT 2016	[master a405771] (auto save via cron)
Nov  2 13:47:00 PDT 2016	[master 98b75a8] (auto save via cron)
Nov  2 13:48:00 PDT 2016	[master 66e961c] (auto save via cron)
Nov  2 13:49:00 PDT 2016	[master 0881cd4] (auto save via cron)
Nov  2 13:50:00 PDT 2016	[master 1a3a739] (auto save via cron)
Nov  2 13:51:00 PDT 2016	[master 244eba9] (auto save via cron)
Nov  2 13:52:00 PDT 2016	[master c044b9d] (auto save via cron)
Nov  2 13:57:00 PDT 2016	[master 7cfe20d] (auto save via cron)
Nov  2 14:59:00 PDT 2016	[master 35ce667] (auto save via cron)
Nov  2 15:00:00 PDT 2016	[master ef405fc] (auto save via cron)
Nov  2 15:01:00 PDT 2016	[master 25d1375] (auto save via cron)
Nov  2 15:02:00 PDT 2016	[master 73a465f] (auto save via cron)
Nov  2 15:03:00 PDT 2016	[master e666f96] (auto save via cron)
Nov  2 15:04:00 PDT 2016	[master 7f5cfb2] (auto save via cron)
Nov  2 15:05:00 PDT 2016	[master 1da3c70] (auto save via cron)
Nov  2 15:06:00 PDT 2016	[master a200b14] (auto save via cron)
Nov  2 15:07:00 PDT 2016	[master 4788a63] (auto save via cron)
Nov  2 15:08:00 PDT 2016	[master e224dd7] (auto save via cron)
Nov  2 15:09:00 PDT 2016	[master 957f551] (auto save via cron)
Nov  2 15:10:00 PDT 2016	[master 3059480] (auto save via cron)
Nov  2 15:11:00 PDT 2016	[master 4a9194c] (auto save via cron)
Nov  2 15:12:00 PDT 2016	[master 643cd4c] (auto save via cron)
Nov  2 15:13:00 PDT 2016	[master 04b0be7] (auto save via cron)
Nov  2 15:14:00 PDT 2016	[master 4049127] (auto save via cron)
Nov  2 15:15:00 PDT 2016	[master 254f73c] (auto save via cron)
Nov  2 15:20:00 PDT 2016	[master bfead4c] (auto save via cron)
Nov  2 15:21:00 PDT 2016	[master cfbdd4e] (auto save via cron)
Nov  2 15:31:00 PDT 2016	[master 8f43acb] (auto save via cron)
Nov  3 19:05:00 PDT 2016	[master d49f63b] (auto save via cron)
Nov  3 19:06:00 PDT 2016	[master 0389829] (auto save via cron)
Nov  3 19:09:00 PDT 2016	[master ba5a6f4] (auto save via cron)
Nov  3 19:13:00 PDT 2016	[master 693e4d1] (auto save via cron)
Nov  3 19:14:00 PDT 2016	[master 7eead71] (auto save via cron)
Nov  3 19:15:00 PDT 2016	[master 47f1231] (auto save via cron)
Nov  3 19:20:01 PDT 2016	[master 8114917] (auto save via cron)
Nov  3 19:21:00 PDT 2016	[master 37a2458] (auto save via cron)
Nov  3 19:22:00 PDT 2016	[master 74135bf] (auto save via cron)
Nov  3 19:23:00 PDT 2016	[master 21c84d3] (auto save via cron)
Nov  3 19:24:00 PDT 2016	[master 3220691] (auto save via cron)
Nov  3 19:25:00 PDT 2016	[master ae0a8d0] (auto save via cron)
Nov  3 19:26:00 PDT 2016	[master 8e3cdcf] (auto save via cron)
Nov  3 19:27:01 PDT 2016	[master 26a023b] (auto save via cron)
Nov  3 19:28:00 PDT 2016	[master 7c3c8dd] (auto save via cron)
Nov  3 19:29:00 PDT 2016	[master 5803d4b] (auto save via cron)
Nov  3 19:30:00 PDT 2016	[master 0bfea72] (auto save via cron)
Nov  3 19:32:00 PDT 2016	[master 925c07c] (auto save via cron)
Nov  3 19:33:00 PDT 2016	[master f32f3b1] (auto save via cron)
Nov  3 19:34:00 PDT 2016	[master 0e5f101] (auto save via cron)
Nov  3 22:19:00 PDT 2016	[master c09bb15] (auto save via cron)
Nov  3 22:46:00 PDT 2016	[master e619a18] (auto save via cron)
Nov  3 22:52:00 PDT 2016	[master a1bd562] (auto save via cron)
Nov  4 10:30:00 PDT 2016	[master 85eec32] (auto save via cron)
Nov  4 10:31:00 PDT 2016	[master 860cb2e] (auto save via cron)
Nov  4 10:32:00 PDT 2016	[master 92c21f5] (auto save via cron)
Nov  4 10:34:00 PDT 2016	[master b27185e] (auto save via cron)
Nov  4 17:16:00 PDT 2016	[master 3574523] (auto save via cron)
Nov  4 17:17:00 PDT 2016	[master 352343f] (auto save via cron)
Nov  4 17:18:00 PDT 2016	[master a0d5a94] (auto save via cron)
Nov  4 17:19:00 PDT 2016	[master 70829ff] (auto save via cron)
Nov  4 17:23:00 PDT 2016	[master fdb2066] (auto save via cron)
Nov  4 17:24:00 PDT 2016	[master 401bf4b] (auto save via cron)
Nov  4 17:26:00 PDT 2016	[master d038911] (auto save via cron)
Nov  4 19:25:00 PDT 2016	[master b7d58d2] (auto save via cron)
Nov  4 19:26:00 PDT 2016	[master 3d36cd9] (auto save via cron)
Nov  4 19:32:00 PDT 2016	[master 17821a5] (auto save via cron)
Nov  4 19:33:00 PDT 2016	[master ef86be1] (auto save via cron)
Nov  4 19:34:00 PDT 2016	[master 0b1ad48] (auto save via cron)
Nov  4 19:37:00 PDT 2016	[master d81313c] (auto save via cron)
Nov  4 19:38:00 PDT 2016	[master f178f7b] (auto save via cron)
Nov  4 19:40:00 PDT 2016	[master 0d91ea4] (auto save via cron)
Nov  4 21:13:00 PDT 2016	[master 6dfc689] (auto save via cron)
Nov  4 21:14:00 PDT 2016	[master e7b5ece] (auto save via cron)
Nov  4 21:18:00 PDT 2016	[master 691a434] (auto save via cron)
Nov  4 21:19:00 PDT 2016	[master 759390d] (auto save via cron)
Nov  4 21:20:00 PDT 2016	[master 4d7ec1e] (auto save via cron)
Nov  4 21:21:00 PDT 2016	[master 08cb815] (auto save via cron)
Nov  4 21:22:00 PDT 2016	[master 0f474a5] (auto save via cron)
Nov  4 21:23:00 PDT 2016	[master e9c28d7] (auto save via cron)
Nov  4 21:24:00 PDT 2016	[master 3b97895] (auto save via cron)
Nov  4 21:26:00 PDT 2016	[master 6a493ef] (auto save via cron)
Nov  4 21:27:00 PDT 2016	[master 1dcb2df] (auto save via cron)
Nov  4 21:28:00 PDT 2016	[master 685d577] (auto save via cron)
Nov  4 21:29:00 PDT 2016	[master c9f5c51] (auto save via cron)
Nov  4 21:31:01 PDT 2016	[master a549fc4] (auto save via cron)
Nov  4 21:32:00 PDT 2016	[master 3566895] (auto save via cron)
Nov  4 21:34:00 PDT 2016	[master d924c67] (auto save via cron)
Nov  4 21:35:00 PDT 2016	[master e4e6491] (auto save via cron)
Nov  4 21:36:01 PDT 2016	[master 6acac2e] (auto save via cron)
Nov  4 21:37:00 PDT 2016	[master 2363575] (auto save via cron)
Nov  4 21:40:00 PDT 2016	[master b658c01] (auto save via cron)
Nov  4 21:41:00 PDT 2016	[master 1344769] (auto save via cron)
Nov  4 21:42:00 PDT 2016	[master 2719e72] (auto save via cron)
Nov  4 21:43:00 PDT 2016	[master 2d3c9a9] (auto save via cron)
Nov  4 21:46:00 PDT 2016	[master 65e25de] (auto save via cron)
Nov  4 21:47:00 PDT 2016	[master 3ffbf3c] (auto save via cron)
Nov  4 21:48:00 PDT 2016	[master e8a16d8] (auto save via cron)
Nov  4 21:49:00 PDT 2016	[master 833d2bc] (auto save via cron)
Nov  4 21:51:00 PDT 2016	[master c95dd04] (auto save via cron)
Nov  4 21:52:00 PDT 2016	[master fc3025c] (auto save via cron)
Nov  4 21:55:00 PDT 2016	[master 49ed24a] (auto save via cron)
Nov  4 21:56:00 PDT 2016	[master f3485b4] (auto save via cron)
Nov  4 21:57:00 PDT 2016	[master 28066e4] (auto save via cron)
Nov  4 21:59:00 PDT 2016	[master 504966f] (auto save via cron)
Nov  4 22:00:00 PDT 2016	[master 5153f91] (auto save via cron)
Nov  4 22:01:00 PDT 2016	[master 406b08e] (auto save via cron)
Nov  4 22:02:00 PDT 2016	[master e33a5dd] (auto save via cron)
Nov  4 22:04:00 PDT 2016	[master b7c9ede] (auto save via cron)
Nov  4 22:07:00 PDT 2016	[master a03c1b5] (auto save via cron)
Nov  4 22:08:00 PDT 2016	[master ff9f740] (auto save via cron)
Nov  4 22:12:00 PDT 2016	[master 8321051] (auto save via cron)
Nov  4 22:14:00 PDT 2016	[master b2ced34] (auto save via cron)
Nov  4 22:15:00 PDT 2016	[master aa0b351] (auto save via cron)
Nov  4 22:19:00 PDT 2016	[master 076a15e] (auto save via cron)
Nov  4 22:21:00 PDT 2016	[master 0326167] (auto save via cron)
Nov  4 22:22:00 PDT 2016	[master 1429de6] (auto save via cron)
Nov  4 22:23:00 PDT 2016	[master e138bc2] (auto save via cron)
Nov  4 22:24:00 PDT 2016	[master 19f6817] (auto save via cron)
Nov  4 22:25:00 PDT 2016	[master 94a9e72] (auto save via cron)
Nov  4 22:26:00 PDT 2016	[master 454fd63] (auto save via cron)
Nov  4 22:27:00 PDT 2016	[master 84df935] (auto save via cron)
Nov  4 22:28:00 PDT 2016	[master 9fd622c] (auto save via cron)
Nov  4 22:29:00 PDT 2016	[master 6ff5555] (auto save via cron)
Nov  4 22:30:00 PDT 2016	[master 361fb62] (auto save via cron)
Nov  4 22:31:00 PDT 2016	[master 0eb6a97] (auto save via cron)
Nov  4 22:32:00 PDT 2016	[master 2943aaf] (auto save via cron)
Nov  4 22:33:00 PDT 2016	[master 48478eb] (auto save via cron)
Nov  4 22:34:00 PDT 2016	[master b112905] (auto save via cron)
Nov  4 22:35:00 PDT 2016	[master 6d4ce9c] (auto save via cron)
Nov  4 22:36:00 PDT 2016	[master 3942a50] (auto save via cron)
Nov  4 22:37:00 PDT 2016	[master e976a3e] (auto save via cron)
Nov  4 22:38:00 PDT 2016	[master 5f37562] (auto save via cron)
Nov  4 22:42:00 PDT 2016	[master f114903] (auto save via cron)
Nov  4 22:43:00 PDT 2016	[master 0d577c5] (auto save via cron)
Nov  4 22:44:01 PDT 2016	[master 02c62e0] (auto save via cron)
Nov  4 22:45:00 PDT 2016	[master 6aff2a3] (auto save via cron)
Nov  4 22:46:00 PDT 2016	[master 0d9491d] (auto save via cron)
Nov  4 22:47:00 PDT 2016	[master 31edb0d] (auto save via cron)
Nov  4 22:48:00 PDT 2016	[master ee5bbbf] (auto save via cron)
Nov  4 22:49:01 PDT 2016	[master 2650ab9] (auto save via cron)
Nov  4 22:50:00 PDT 2016	[master 363bd74] (auto save via cron)
Nov  4 22:51:00 PDT 2016	[master 3cb1126] (auto save via cron)
Nov  4 22:52:00 PDT 2016	[master 74de3d7] (auto save via cron)
Nov  4 22:54:00 PDT 2016	[master 324b064] (auto save via cron)
Nov  4 22:55:01 PDT 2016	[master 3829d6c] (auto save via cron)
Nov  4 22:56:00 PDT 2016	[master b22cfbe] (auto save via cron)
Nov  4 22:57:00 PDT 2016	[master 9452e6e] (auto save via cron)
Nov  4 23:10:00 PDT 2016	[master fee8791] (auto save via cron)
Nov  4 23:11:01 PDT 2016	[master 85e7922] (auto save via cron)
Nov  4 23:27:00 PDT 2016	[master 044095d] (auto save via cron)
Nov  4 23:28:00 PDT 2016	[master ba38e8b] (auto save via cron)
Nov  4 23:29:00 PDT 2016	[master bd22019] (auto save via cron)
Nov  4 23:30:00 PDT 2016	[master ab723af] (auto save via cron)
Nov  4 23:57:00 PDT 2016	[master ada8fc9] (auto save via cron)
Nov  4 23:59:00 PDT 2016	fatal: unable to stat 'main/thesis.synctex.gz(busy)': No such file or directory
Nov  5 00:00:00 PDT 2016	[master c72ec06] (auto save via cron)
Nov  5 00:04:00 PDT 2016	[master a3814ef] (auto save via cron)
Nov  5 00:05:00 PDT 2016	[master 287a630] (auto save via cron)
Nov  5 00:13:01 PDT 2016	[master 4264762] (auto save via cron)
Nov  5 00:14:00 PDT 2016	[master bbf19c5] (auto save via cron)
Nov  5 00:15:00 PDT 2016	[master 99f29bf] (auto save via cron)
Nov  5 00:16:00 PDT 2016	[master 7a23801] (auto save via cron)
Nov  5 00:17:00 PDT 2016	[master 007d247] (auto save via cron)
Nov  5 00:18:00 PDT 2016	[master cac66fe] (auto save via cron)
Nov  5 00:19:00 PDT 2016	[master 2b2dfc5] (auto save via cron)
Nov  5 14:20:27 PDT 2016	[master 48ae787] (auto save via cron)
Nov  5 14:33:00 PDT 2016	[master a977680] (auto save via cron)
Nov  5 14:34:00 PDT 2016	[master fc830d5] (auto save via cron)
Nov  5 14:35:00 PDT 2016	[master 12a7f38] (auto save via cron)
Nov  5 14:36:00 PDT 2016	[master 0f2ece7] (auto save via cron)
Nov  5 14:37:00 PDT 2016	[master 284eeac] (auto save via cron)
Nov  5 14:38:00 PDT 2016	[master 9f37bb7] (auto save via cron)
Nov  5 14:40:00 PDT 2016	[master b542fe5] (auto save via cron)
Nov  5 14:41:00 PDT 2016	[master 768077c] (auto save via cron)
Nov  5 14:42:00 PDT 2016	[master 0254309] (auto save via cron)
Nov  5 14:43:00 PDT 2016	[master e062d38] (auto save via cron)
Nov  5 14:44:00 PDT 2016	[master 2970ccc] (auto save via cron)
Nov  5 14:45:00 PDT 2016	[master 33c9afe] (auto save via cron)
Nov  5 14:46:00 PDT 2016	[master 64cd1fd] (auto save via cron)
Nov  5 14:47:00 PDT 2016	[master 7b8e0f4] (auto save via cron)
Nov  5 14:48:00 PDT 2016	[master c8d1e19] (auto save via cron)
Nov  5 14:49:00 PDT 2016	[master 74a2449] (auto save via cron)
Nov  5 14:50:00 PDT 2016	[master 82153aa] (auto save via cron)
Nov  5 14:51:00 PDT 2016	[master 8285773] (auto save via cron)
Nov  5 14:52:00 PDT 2016	[master a5fb420] (auto save via cron)
Nov  5 14:53:00 PDT 2016	[master 00531bc] (auto save via cron)
Nov  5 14:54:01 PDT 2016	[master 6fe4b09] (auto save via cron)
Nov  5 14:55:00 PDT 2016	[master 514c332] (auto save via cron)
Nov  5 14:56:00 PDT 2016	[master 392b227] (auto save via cron)
Nov  5 14:57:00 PDT 2016	[master e976d93] (auto save via cron)
Nov  5 14:58:00 PDT 2016	[master 7de5d11] (auto save via cron)
Nov  5 14:59:00 PDT 2016	[master fc27d8b] (auto save via cron)
Nov  5 15:00:00 PDT 2016	[master db1cf22] (auto save via cron)
Nov  5 15:01:00 PDT 2016	[master ee25b1e] (auto save via cron)
Nov  5 15:04:00 PDT 2016	[master 39bb734] (auto save via cron)
Nov  5 15:05:00 PDT 2016	[master e0bd342] (auto save via cron)
Nov  5 15:06:00 PDT 2016	[master f4fd469] (auto save via cron)
Nov  5 15:07:00 PDT 2016	[master d1cf59b] (auto save via cron)
Nov  5 15:08:00 PDT 2016	[master 0683397] (auto save via cron)
Nov  5 15:09:00 PDT 2016	[master c9a47a6] (auto save via cron)
Nov  5 15:10:00 PDT 2016	[master 93e9b5d] (auto save via cron)
Nov  5 15:11:00 PDT 2016	[master 21c28ed] (auto save via cron)
Nov  5 15:12:00 PDT 2016	[master 26b1045] (auto save via cron)
Nov  5 15:13:00 PDT 2016	[master 045cb50] (auto save via cron)
Nov  5 15:14:00 PDT 2016	[master 0e0e909] (auto save via cron)
Nov  5 15:15:00 PDT 2016	[master 37d56db] (auto save via cron)
Nov  5 15:16:00 PDT 2016	[master 26c78dd] (auto save via cron)
Nov  5 15:17:00 PDT 2016	[master 62cc060] (auto save via cron)
Nov  5 15:18:00 PDT 2016	[master a9fe7f1] (auto save via cron)
Nov  5 15:19:00 PDT 2016	[master c11bb30] (auto save via cron)
Nov  5 15:20:00 PDT 2016	[master 8220581] (auto save via cron)
Nov  5 15:21:00 PDT 2016	[master 6f91cce] (auto save via cron)
Nov  5 15:22:00 PDT 2016	[master f39a9e7] (auto save via cron)
Nov  5 15:23:00 PDT 2016	[master acc8449] (auto save via cron)
Nov  5 15:24:00 PDT 2016	[master c255d84] (auto save via cron)
Nov  5 15:25:00 PDT 2016	[master 17381e6] (auto save via cron)
Nov  5 15:26:00 PDT 2016	[master 553b97b] (auto save via cron)
Nov  5 15:27:00 PDT 2016	[master 90693f7] (auto save via cron)
Nov  5 15:28:00 PDT 2016	[master 483fd40] (auto save via cron)
Nov  5 15:29:00 PDT 2016	[master 331b8bc] (auto save via cron)
Nov  5 15:30:00 PDT 2016	[master 4fe6393] (auto save via cron)
Nov  5 15:31:00 PDT 2016	[master 388a5d6] (auto save via cron)
Nov  5 15:32:00 PDT 2016	[master e8d4006] (auto save via cron)
Nov  5 15:33:00 PDT 2016	[master fb63d18] (auto save via cron)
Nov  5 15:34:00 PDT 2016	[master d43b8a8] (auto save via cron)
Nov  5 15:35:00 PDT 2016	[master c3eb88f] (auto save via cron)
Nov  5 15:36:00 PDT 2016	[master 6c685df] (auto save via cron)
Nov  5 15:37:00 PDT 2016	[master 25ec733] (auto save via cron)
Nov  5 20:59:00 PDT 2016	[master 8d0d569] (auto save via cron)
Nov  5 21:22:00 PDT 2016	[master 30f7645] (auto save via cron)
Nov  5 21:23:00 PDT 2016	[master 3533763] (auto save via cron)
Nov  5 21:24:00 PDT 2016	[master 36c3b4a] (auto save via cron)
Nov  5 21:25:00 PDT 2016	[master 58ff102] (auto save via cron)
Nov  5 21:26:00 PDT 2016	[master e98552e] (auto save via cron)
Nov  5 21:27:00 PDT 2016	[master e4cc087] (auto save via cron)
Nov  5 21:28:01 PDT 2016	[master bdc11b5] (auto save via cron)
Nov  5 21:29:00 PDT 2016	[master 67c75a2] (auto save via cron)
Nov  5 21:30:00 PDT 2016	[master c293e58] (auto save via cron)
Nov  5 21:31:00 PDT 2016	[master 7543082] (auto save via cron)
Nov  5 21:32:00 PDT 2016	[master a454590] (auto save via cron)
Nov  5 21:33:00 PDT 2016	[master c9685cc] (auto save via cron)
Nov  5 21:34:00 PDT 2016	[master 79d1cf5] (auto save via cron)
Nov  5 21:35:00 PDT 2016	[master 323480e] (auto save via cron)
Nov  5 21:36:00 PDT 2016	[master ae6fd08] (auto save via cron)
Nov  5 21:37:00 PDT 2016	[master 15692a3] (auto save via cron)
Nov  5 21:39:01 PDT 2016	[master 2f804fa] (auto save via cron)
Nov  5 21:40:00 PDT 2016	[master fadd924] (auto save via cron)
Nov  5 21:46:00 PDT 2016	[master b6deb21] (auto save via cron)
Nov  5 21:47:00 PDT 2016	[master 36fc8c1] (auto save via cron)
Nov  5 21:48:00 PDT 2016	[master 6c34bab] (auto save via cron)
Nov  5 21:49:00 PDT 2016	[master 02aed65] (auto save via cron)
Nov  5 21:50:00 PDT 2016	[master dabb800] (auto save via cron)
Nov  5 21:51:00 PDT 2016	[master 5d24b15] (auto save via cron)
Nov  5 21:52:00 PDT 2016	[master ced9e5a] (auto save via cron)
Nov  5 21:53:00 PDT 2016	[master 5bb6f60] (auto save via cron)
Nov  5 21:54:00 PDT 2016	[master 7ca399c] (auto save via cron)
Nov  5 21:56:00 PDT 2016	[master 9fc1f79] (auto save via cron)
Nov  5 21:57:00 PDT 2016	[master e8d85eb] (auto save via cron)
Nov  5 21:59:00 PDT 2016	[master 131556f] (auto save via cron)
Nov  5 22:00:01 PDT 2016	[master 615c6d4] (auto save via cron)
Nov  5 22:01:00 PDT 2016	[master 96ac594] (auto save via cron)
Nov  5 22:02:00 PDT 2016	[master 5ef9a0a] (auto save via cron)
Nov  5 22:03:00 PDT 2016	[master 36edfab] (auto save via cron)
Nov  5 22:04:00 PDT 2016	[master 10b68d6] (auto save via cron)
Nov  5 22:05:00 PDT 2016	[master 7776125] (auto save via cron)
Nov  5 22:06:00 PDT 2016	[master 5f39861] (auto save via cron)
Nov  5 23:07:00 PDT 2016	[master 9598514] (auto save via cron)
Nov  5 23:08:00 PDT 2016	[master 7481529] (auto save via cron)
Nov  5 23:10:00 PDT 2016	[master 9be4663] (auto save via cron)
Nov  5 23:11:00 PDT 2016	[master 1226315] (auto save via cron)
Nov  5 23:12:00 PDT 2016	[master d1e2ae4] (auto save via cron)
Nov  5 23:34:00 PDT 2016	[master da693ea] (auto save via cron)
Nov  5 23:35:00 PDT 2016	[master 138f648] (auto save via cron)
Nov  5 23:37:00 PDT 2016	[master c66b287] (auto save via cron)
Nov  5 23:41:00 PDT 2016	[master 6761c5a] (auto save via cron)
Nov  5 23:42:00 PDT 2016	[master e5c08a6] (auto save via cron)
Nov  5 23:43:00 PDT 2016	[master 4dda608] (auto save via cron)
Nov  5 23:44:00 PDT 2016	[master 16461ba] (auto save via cron)
Nov  5 23:45:00 PDT 2016	[master bc32b22] (auto save via cron)
Nov  5 23:46:00 PDT 2016	[master 9a22ab7] (auto save via cron)
Nov  5 23:47:01 PDT 2016	[master e26680e] (auto save via cron)
Nov  5 23:48:00 PDT 2016	[master 06e7292] (auto save via cron)
Nov  5 23:49:00 PDT 2016	[master 303ac61] (auto save via cron)
Nov  5 23:50:00 PDT 2016	[master d8ceeea] (auto save via cron)
Nov  5 23:51:00 PDT 2016	[master 90a3b7d] (auto save via cron)
Nov  5 23:52:00 PDT 2016	[master dbc4b06] (auto save via cron)
Nov 19 13:40:00 PST 2016	[master 9ebb198] (auto save via cron)
Nov 19 13:43:00 PST 2016	[master 06d4d29] (auto save via cron)
Nov 19 13:44:00 PST 2016	[master df53bb9] (auto save via cron)
Nov 19 13:45:00 PST 2016	[master 7ae1008] (auto save via cron)
Nov 19 13:46:00 PST 2016	[master 58d212e] (auto save via cron)
Nov 19 13:47:00 PST 2016	[master f593cff] (auto save via cron)
Nov 19 13:48:00 PST 2016	[master 09ea640] (auto save via cron)
Nov 19 13:49:00 PST 2016	[master 7ac311a] (auto save via cron)
Nov 19 13:50:00 PST 2016	[master 3494b61] (auto save via cron)
Nov 19 13:51:00 PST 2016	[master 7a479b8] (auto save via cron)
Nov 19 13:52:00 PST 2016	[master 0de3e7d] (auto save via cron)
Nov 19 13:53:00 PST 2016	[master c743036] (auto save via cron)
Nov 19 13:54:01 PST 2016	[master 888ecfa] (auto save via cron)
Nov 19 13:55:00 PST 2016	[master 02635ee] (auto save via cron)
Nov 19 13:56:00 PST 2016	[master 0c9b603] (auto save via cron)
Nov 19 13:57:00 PST 2016	[master 37f884a] (auto save via cron)
Nov 19 13:59:00 PST 2016	[master 71b7196] (auto save via cron)
Nov 19 14:00:00 PST 2016	[master 20b564d] (auto save via cron)
Nov 19 14:01:00 PST 2016	[master c2c67c4] (auto save via cron)
Nov 19 14:02:00 PST 2016	[master 79b7f86] (auto save via cron)
Nov 19 14:03:00 PST 2016	[master 9c163a4] (auto save via cron)
Nov 19 14:04:00 PST 2016	[master 2f73fc2] (auto save via cron)
Nov 19 14:05:00 PST 2016	[master 23037a4] (auto save via cron)
Nov 19 14:06:00 PST 2016	[master 8be164d] (auto save via cron)
Nov 19 14:07:00 PST 2016	[master 60ae3a8] (auto save via cron)
Nov 19 14:08:01 PST 2016	[master ff88f3b] (auto save via cron)
Nov 19 15:13:01 PST 2016	[master 5e98116] (auto save via cron)
Nov 19 15:20:00 PST 2016	[master ebdfdaf] (auto save via cron)
Nov 19 16:22:00 PST 2016	[master 1d7e46c] (auto save via cron)
Nov 19 16:23:00 PST 2016	[master 2ffc171] (auto save via cron)
Nov 19 16:24:00 PST 2016	[master 8fb105a] (auto save via cron)
Nov 19 16:25:00 PST 2016	[master 63f0e5c] (auto save via cron)
Nov 19 16:26:00 PST 2016	[master cbc2655] (auto save via cron)
Nov 19 16:28:00 PST 2016	[master c85a56e] (auto save via cron)
Nov 19 16:29:00 PST 2016	[master 7aa75cb] (auto save via cron)
Nov 19 16:30:01 PST 2016	[master c27b248] (auto save via cron)
Nov 19 16:31:00 PST 2016	[master 9682d16] (auto save via cron)
Nov 19 16:32:00 PST 2016	[master 442bffe] (auto save via cron)
Nov 19 16:33:00 PST 2016	[master 40f94cc] (auto save via cron)
Nov 19 16:34:00 PST 2016	[master e6ca6d6] (auto save via cron)
Nov 19 16:35:00 PST 2016	[master 06f3bbf] (auto save via cron)
Nov 19 16:36:00 PST 2016	[master 2e2b1d2] (auto save via cron)
Nov 19 16:37:00 PST 2016	[master 4adcf71] (auto save via cron)
Nov 19 16:38:00 PST 2016	[master 701dec3] (auto save via cron)
Nov 19 16:39:00 PST 2016	[master 6d4dcaa] (auto save via cron)
Nov 19 16:40:00 PST 2016	[master 2d8ab9d] (auto save via cron)
Nov 19 16:41:00 PST 2016	[master 26ed0c4] (auto save via cron)
Nov 19 16:42:00 PST 2016	[master c89fd7c] (auto save via cron)
Nov 19 16:50:00 PST 2016	[master 2163f55] (auto save via cron)
Nov 19 16:55:00 PST 2016	[master 136ad2b] (auto save via cron)
Nov 19 17:04:00 PST 2016	[master 24b7887] (auto save via cron)
Nov 19 17:05:00 PST 2016	[master 2bd1ac8] (auto save via cron)
Nov 19 17:06:00 PST 2016	[master 9f5e94f] (auto save via cron)
Nov 19 17:07:00 PST 2016	[master 2644b55] (auto save via cron)
Nov 19 17:08:00 PST 2016	[master a075ab3] (auto save via cron)
Nov 19 17:09:00 PST 2016	[master 88fc109] (auto save via cron)
Nov 19 17:10:00 PST 2016	[master 38b9aa5] (auto save via cron)
Nov 19 17:11:00 PST 2016	[master c8c51e1] (auto save via cron)
Nov 19 17:12:00 PST 2016	[master ffde532] (auto save via cron)
Nov 19 17:13:00 PST 2016	[master 9a00ba4] (auto save via cron)
Nov 19 17:14:00 PST 2016	[master 4ec290d] (auto save via cron)
Nov 19 17:15:00 PST 2016	[master 647ab96] (auto save via cron)
Nov 19 17:16:00 PST 2016	[master 73bac71] (auto save via cron)
Nov 19 17:17:00 PST 2016	[master 7f18ae9] (auto save via cron)
Nov 19 17:18:00 PST 2016	[master 639c5a6] (auto save via cron)
Nov 19 17:20:00 PST 2016	[master fb672fd] (auto save via cron)
Nov 19 17:21:00 PST 2016	[master 669e406] (auto save via cron)
Nov 19 17:22:00 PST 2016	[master 1a4a74a] (auto save via cron)
Nov 19 17:23:00 PST 2016	[master 2bbf120] (auto save via cron)
Nov 19 18:30:00 PST 2016	[master 05fcd4a] (auto save via cron)
Nov 19 18:31:00 PST 2016	[master e687442] (auto save via cron)
Nov 19 18:32:00 PST 2016	[master 6dd6416] (auto save via cron)
Nov 19 18:33:01 PST 2016	[master 6d259fc] (auto save via cron)
Nov 19 18:34:00 PST 2016	[master 2df6a47] (auto save via cron)
Nov 19 18:35:00 PST 2016	[master f5b5164] (auto save via cron)
Nov 19 18:36:00 PST 2016	[master 4b8dbf7] (auto save via cron)
Nov 19 18:37:00 PST 2016	[master 4ca224c] (auto save via cron)
Nov 19 18:38:00 PST 2016	[master cf8093f] (auto save via cron)
Nov 19 18:39:00 PST 2016	[master af8131f] (auto save via cron)
Nov 19 18:40:00 PST 2016	[master 667ae8f] (auto save via cron)
Nov 19 18:41:00 PST 2016	[master ecf9de0] (auto save via cron)
Nov 19 18:42:00 PST 2016	[master f1fc3ed] (auto save via cron)
Nov 19 18:43:00 PST 2016	[master d45ccac] (auto save via cron)
Nov 19 18:44:00 PST 2016	[master e3dd8d1] (auto save via cron)
Nov 19 18:45:00 PST 2016	[master 394b5a0] (auto save via cron)
Nov 19 18:46:00 PST 2016	[master 4096bcf] (auto save via cron)
Nov 19 18:47:00 PST 2016	[master 75aff5b] (auto save via cron)
Nov 19 18:57:00 PST 2016	[master c9610f8] (auto save via cron)
Nov 19 18:58:00 PST 2016	[master 3a60399] (auto save via cron)
Nov 19 19:04:00 PST 2016	[master afa5e63] (auto save via cron)
Nov 19 21:52:00 PST 2016	[master a028036] (auto save via cron)
Nov 19 21:53:00 PST 2016	[master 4622d87] (auto save via cron)
Nov 19 21:55:00 PST 2016	[master 1464442] (auto save via cron)
Nov 19 21:56:00 PST 2016	[master 37deb7f] (auto save via cron)
Nov 19 21:57:00 PST 2016	[master 70356d9] (auto save via cron)
Nov 19 22:01:00 PST 2016	[master 16aca7a] (auto save via cron)
Nov 19 22:02:00 PST 2016	[master c78454f] (auto save via cron)
Nov 19 22:03:00 PST 2016	[master f205363] (auto save via cron)
Nov 19 22:04:00 PST 2016	[master 620b304] (auto save via cron)
Nov 19 22:05:00 PST 2016	[master d503d81] (auto save via cron)
Nov 19 22:06:00 PST 2016	[master 42a40b3] (auto save via cron)
Nov 19 22:07:00 PST 2016	[master 6690ddc] (auto save via cron)
Nov 19 22:08:00 PST 2016	[master 73cac2b] (auto save via cron)
Nov 19 22:09:00 PST 2016	[master 26e724c] (auto save via cron)
Nov 19 22:10:00 PST 2016	[master f8f1df4] (auto save via cron)
Nov 19 22:11:01 PST 2016	[master 0931b64] (auto save via cron)
Nov 19 22:12:00 PST 2016	[master 74cf4c3] (auto save via cron)
Nov 19 22:13:00 PST 2016	[master f7b895e] (auto save via cron)
Nov 19 22:19:00 PST 2016	[master 0823836] (auto save via cron)
Nov 19 22:20:00 PST 2016	[master f653e25] (auto save via cron)
Nov 19 22:21:00 PST 2016	[master 2656cd5] (auto save via cron)
Nov 19 22:22:00 PST 2016	[master ebe8387] (auto save via cron)
Nov 19 22:23:00 PST 2016	[master 260366a] (auto save via cron)
Nov 19 22:24:00 PST 2016	[master 5bbc6f2] (auto save via cron)
Nov 19 22:25:00 PST 2016	[master 45ebece] (auto save via cron)
Nov 19 22:26:00 PST 2016	[master c1b4bf2] (auto save via cron)
Nov 19 22:27:00 PST 2016	[master b67879b] (auto save via cron)
Nov 19 22:28:00 PST 2016	[master f12cac6] (auto save via cron)
Nov 19 22:29:00 PST 2016	[master 3fa32ba] (auto save via cron)
Nov 19 22:30:00 PST 2016	[master ea9034c] (auto save via cron)
Nov 19 22:31:00 PST 2016	[master 62a6938] (auto save via cron)
Nov 19 22:32:00 PST 2016	[master 01861f0] (auto save via cron)
Nov 19 22:33:00 PST 2016	[master 3c83158] (auto save via cron)
Nov 19 22:34:00 PST 2016	[master d1f4079] (auto save via cron)
Nov 19 22:35:00 PST 2016	[master 41b956d] (auto save via cron)
Nov 19 22:36:00 PST 2016	[master ea6e4a5] (auto save via cron)
Nov 19 22:37:00 PST 2016	[master a12fb99] (auto save via cron)
Nov 19 22:38:01 PST 2016	[master e04a6ba] (auto save via cron)
Nov 19 22:39:00 PST 2016	[master 39d9f76] (auto save via cron)
Nov 19 22:40:00 PST 2016	[master 105c873] (auto save via cron)
Nov 19 22:41:00 PST 2016	[master c536f92] (auto save via cron)
Nov 19 22:42:00 PST 2016	[master 703869d] (auto save via cron)
Nov 19 22:43:00 PST 2016	[master a6beec4] (auto save via cron)
Nov 19 22:44:00 PST 2016	[master e7a5572] (auto save via cron)
Nov 19 22:45:00 PST 2016	[master fa0e262] (auto save via cron)
Nov 19 22:46:00 PST 2016	[master f9ad437] (auto save via cron)
Nov 19 22:53:01 PST 2016	[master e301158] (auto save via cron)
Nov 19 23:01:00 PST 2016	[master 07e577e] (auto save via cron)
Nov 19 23:45:01 PST 2016	[master 3743708] (auto save via cron)
Nov 19 23:46:00 PST 2016	[master b563a05] (auto save via cron)
Nov 19 23:47:00 PST 2016	[master 47d27d4] (auto save via cron)
Nov 19 23:48:00 PST 2016	[master 61c9052] (auto save via cron)
Nov 19 23:49:00 PST 2016	[master a2a2902] (auto save via cron)
Nov 19 23:50:00 PST 2016	[master 3786df5] (auto save via cron)
Nov 19 23:51:00 PST 2016	[master 4bb0364] (auto save via cron)
Nov 19 23:52:00 PST 2016	[master 78f6b2e] (auto save via cron)
Nov 19 23:53:01 PST 2016	[master 60a4d5a] (auto save via cron)
Nov 19 23:54:00 PST 2016	[master ce5124f] (auto save via cron)
Nov 19 23:55:00 PST 2016	[master c322696] (auto save via cron)
Nov 19 23:56:00 PST 2016	[master 394825f] (auto save via cron)
Nov 19 23:57:00 PST 2016	[master 746fba4] (auto save via cron)
Nov 19 23:58:00 PST 2016	[master f108802] (auto save via cron)
Nov 19 23:59:00 PST 2016	[master eef602d] (auto save via cron)
Nov 20 00:00:00 PST 2016	[master 2aeb147] (auto save via cron)
Nov 20 00:04:00 PST 2016	[master dc8bef5] (auto save via cron)
Nov 20 00:05:01 PST 2016	[master f9e955d] (auto save via cron)
Nov 20 00:06:00 PST 2016	[master 661ad99] (auto save via cron)
Nov 20 00:08:00 PST 2016	[master a613e84] (auto save via cron)
Nov 20 00:29:00 PST 2016	[master 23df110] (auto save via cron)
Nov 20 00:30:00 PST 2016	[master 1e53f47] (auto save via cron)
Nov 20 00:31:00 PST 2016	[master b38a80d] (auto save via cron)
Nov 20 00:32:00 PST 2016	[master b0780bd] (auto save via cron)
Nov 20 00:33:00 PST 2016	[master 4c0bbb7] (auto save via cron)
Nov 20 00:35:00 PST 2016	[master ea5c92c] (auto save via cron)
Nov 20 07:53:01 PST 2016	[master 54de244] (auto save via cron)
Nov 20 07:59:00 PST 2016	[master 9f6b4ed] (auto save via cron)
Nov 20 08:00:00 PST 2016	[master 1c52345] (auto save via cron)
Nov 20 08:03:00 PST 2016	[master 9c0c02a] (auto save via cron)
Nov 20 08:04:00 PST 2016	[master 84916c0] (auto save via cron)
Nov 20 08:05:00 PST 2016	[master fc63006] (auto save via cron)
Nov 20 08:06:00 PST 2016	[master f5a5ca5] (auto save via cron)
Nov 20 08:07:00 PST 2016	[master 9bb31b6] (auto save via cron)
Nov 20 08:09:00 PST 2016	[master c1b9657] (auto save via cron)
Nov 20 08:10:00 PST 2016	[master 1f8ba5d] (auto save via cron)
Nov 20 08:12:00 PST 2016	[master 447e5fb] (auto save via cron)
Nov 20 08:13:00 PST 2016	[master ef584d8] (auto save via cron)
Nov 20 08:14:00 PST 2016	[master e3271ae] (auto save via cron)
Nov 20 08:15:00 PST 2016	[master 6b68b4a] (auto save via cron)
Nov 20 08:17:00 PST 2016	[master 34156e9] (auto save via cron)
Nov 20 08:18:01 PST 2016	[master 9415ade] (auto save via cron)
Nov 20 08:20:00 PST 2016	[master 0e03a77] (auto save via cron)
Nov 20 08:21:00 PST 2016	[master ac7acb1] (auto save via cron)
Nov 20 08:22:00 PST 2016	[master cc1b07f] (auto save via cron)
Nov 20 08:23:00 PST 2016	[master a1893d8] (auto save via cron)
Nov 20 08:24:00 PST 2016	[master c858e7a] (auto save via cron)
Nov 21 08:51:00 PST 2016	[master ed5c907] (auto save via cron)
Nov 21 08:55:00 PST 2016	[master 2498b71] (auto save via cron)
Nov 21 09:45:00 PST 2016	[master d8965e4] (auto save via cron)
Nov 21 09:57:00 PST 2016	[master 9bcac49] (auto save via cron)
Nov 21 10:02:00 PST 2016	[master 2a1263f] (auto save via cron)
Nov 21 10:03:00 PST 2016	[master 99f805f] (auto save via cron)
Nov 21 10:04:00 PST 2016	[master c602427] (auto save via cron)
Nov 21 10:05:00 PST 2016	[master ed5a87b] (auto save via cron)
Nov 21 10:06:00 PST 2016	[master 3b1ba1c] (auto save via cron)
Nov 21 10:11:00 PST 2016	[master 83918e1] (auto save via cron)
Nov 21 10:12:00 PST 2016	[master 494a7f6] (auto save via cron)
Nov 21 10:13:01 PST 2016	[master b9abe68] (auto save via cron)
Nov 21 10:14:00 PST 2016	[master 926812b] (auto save via cron)
Nov 21 10:15:00 PST 2016	[master f7d7dba] (auto save via cron)
Nov 21 10:17:00 PST 2016	[master 2c045ef] (auto save via cron)
Nov 21 10:18:00 PST 2016	[master 1917cc6] (auto save via cron)
Nov 21 10:21:02 PST 2016	[master 701c995] (auto save via cron)
Nov 21 10:22:00 PST 2016	[master 1d683b2] (auto save via cron)
Nov 21 10:25:00 PST 2016	[master 9311b38] (auto save via cron)
Nov 21 10:26:00 PST 2016	[master 485e701] (auto save via cron)
Nov 21 10:27:00 PST 2016	[master 495a35d] (auto save via cron)
Nov 21 10:28:00 PST 2016	[master 649c42c] (auto save via cron)
Nov 21 10:29:00 PST 2016	[master e8a6a13] (auto save via cron)
Nov 21 10:30:00 PST 2016	[master 84ac3f1] (auto save via cron)
Nov 21 10:31:00 PST 2016	[master 4a2fc6f] (auto save via cron)
Nov 21 10:32:00 PST 2016	[master 6f16f7e] (auto save via cron)
Nov 21 10:33:00 PST 2016	[master 22739d8] (auto save via cron)
Nov 21 10:34:00 PST 2016	[master 9b11ec2] (auto save via cron)
Nov 21 10:35:00 PST 2016	[master 2cd2318] (auto save via cron)
Nov 21 11:29:00 PST 2016	[master eb0ca35] (auto save via cron)
Nov 21 11:30:00 PST 2016	[master efa491a] (auto save via cron)
Nov 21 11:31:00 PST 2016	[master 6fb985a] (auto save via cron)
Nov 21 11:32:00 PST 2016	[master 11f5609] (auto save via cron)
Nov 21 11:33:00 PST 2016	[master de8aa9f] (auto save via cron)
Nov 21 11:34:00 PST 2016	[master d7a46c5] (auto save via cron)
Nov 21 15:09:00 PST 2016	[master e6c17de] (auto save via cron)
Nov 21 15:10:00 PST 2016	[master ad0cc80] (auto save via cron)
Nov 21 15:11:00 PST 2016	[master a431165] (auto save via cron)
Nov 21 15:12:00 PST 2016	[master 9b8cf48] (auto save via cron)
Nov 21 15:13:00 PST 2016	[master b9fc9a4] (auto save via cron)
Nov 21 15:15:00 PST 2016	[master a2a17c1] (auto save via cron)
Nov 21 15:16:00 PST 2016	[master c235af8] (auto save via cron)
Nov 21 19:28:00 PST 2016	[master 43feb86] (auto save via cron)
Nov 21 19:29:00 PST 2016	[master d61d363] (auto save via cron)
Nov 21 19:31:00 PST 2016	[master 2217484] (auto save via cron)
Nov 21 19:32:00 PST 2016	[master 9469318] (auto save via cron)
Nov 21 19:33:00 PST 2016	[master 1a2629d] (auto save via cron)
Nov 21 19:34:00 PST 2016	[master dbfbdbb] (auto save via cron)
Nov 21 19:35:00 PST 2016	[master 8b69246] (auto save via cron)
Nov 21 19:36:00 PST 2016	[master 2211922] (auto save via cron)
Nov 21 19:37:00 PST 2016	[master 22862a0] (auto save via cron)
Nov 21 19:38:00 PST 2016	[master 24ddcf9] (auto save via cron)
Nov 21 19:39:00 PST 2016	[master 36890d6] (auto save via cron)
Nov 21 19:40:00 PST 2016	[master daa30eb] (auto save via cron)
Nov 21 19:41:00 PST 2016	[master b6756ec] (auto save via cron)
Nov 21 19:42:00 PST 2016	[master 501e378] (auto save via cron)
Nov 21 19:49:01 PST 2016	[master b5ec0be] (auto save via cron)
Nov 21 19:50:00 PST 2016	[master cd654d4] (auto save via cron)
Nov 21 19:54:00 PST 2016	[master 0c7a64c] (auto save via cron)
Nov 21 22:28:00 PST 2016	[master c4daee6] (auto save via cron)
Nov 21 22:29:00 PST 2016	[master ba0f306] (auto save via cron)
Nov 21 22:30:00 PST 2016	[master 14b7f50] (auto save via cron)
Nov 21 22:31:00 PST 2016	[master c0c6300] (auto save via cron)
Nov 21 22:32:00 PST 2016	[master a9d057c] (auto save via cron)
Nov 21 22:33:00 PST 2016	[master 556cf36] (auto save via cron)
Nov 21 22:34:00 PST 2016	[master e97277e] (auto save via cron)
Nov 21 22:35:00 PST 2016	[master e414724] (auto save via cron)
Nov 21 22:39:00 PST 2016	[master 29b1e00] (auto save via cron)
Nov 21 22:40:00 PST 2016	[master 0391b7e] (auto save via cron)
Nov 21 22:41:00 PST 2016	[master ce24770] (auto save via cron)
Nov 21 22:42:00 PST 2016	[master 359ebab] (auto save via cron)
Nov 21 22:43:00 PST 2016	[master c912faf] (auto save via cron)
Nov 21 22:44:00 PST 2016	[master 334d9c9] (auto save via cron)
Nov 21 22:45:00 PST 2016	[master 5992928] (auto save via cron)
Nov 21 22:46:00 PST 2016	[master 74b445b] (auto save via cron)
Nov 21 22:49:01 PST 2016	[master 20d5822] (auto save via cron)
Nov 21 22:50:00 PST 2016	[master d479109] (auto save via cron)
Nov 21 22:51:00 PST 2016	[master d7213b6] (auto save via cron)
Nov 21 22:52:00 PST 2016	[master 9b0e48c] (auto save via cron)
Nov 21 22:53:01 PST 2016	[master 15f79ac] (auto save via cron)
Nov 21 22:54:00 PST 2016	[master 1a48186] (auto save via cron)
Nov 21 22:55:00 PST 2016	[master f4bcfcd] (auto save via cron)
Nov 21 22:57:00 PST 2016	[master 97a6c75] (auto save via cron)
Nov 21 22:58:00 PST 2016	[master cd989ee] (auto save via cron)
Nov 21 22:59:00 PST 2016	[master 23b4477] (auto save via cron)
Nov 21 23:00:00 PST 2016	[master 6f73530] (auto save via cron)
Nov 21 23:01:00 PST 2016	[master 5cf829a] (auto save via cron)
Nov 21 23:02:00 PST 2016	[master bd882d9] (auto save via cron)
Nov 21 23:03:00 PST 2016	[master f947818] (auto save via cron)
Nov 21 23:04:00 PST 2016	[master 2d5df97] (auto save via cron)
Nov 21 23:05:00 PST 2016	[master 9527c13] (auto save via cron)
Nov 21 23:06:01 PST 2016	[master 30a13f6] (auto save via cron)
Nov 21 23:07:00 PST 2016	[master 55c2e39] (auto save via cron)
Nov 21 23:08:00 PST 2016	[master 4d6ac9d] (auto save via cron)
Nov 21 23:09:00 PST 2016	[master e75d825] (auto save via cron)
Nov 21 23:10:00 PST 2016	[master 350b6e8] (auto save via cron)
Nov 21 23:11:00 PST 2016	[master 3ed7a03] (auto save via cron)
Nov 21 23:12:00 PST 2016	[master 129b8ed] (auto save via cron)
Nov 21 23:13:00 PST 2016	[master 132607d] (auto save via cron)
Nov 21 23:14:00 PST 2016	[master 8d6fd72] (auto save via cron)
Nov 21 23:15:01 PST 2016	[master a1ea779] (auto save via cron)
Nov 21 23:16:00 PST 2016	[master aa3e814] (auto save via cron)
Nov 21 23:17:00 PST 2016	[master 06d31df] (auto save via cron)
Nov 21 23:18:00 PST 2016	[master 5fb45e5] (auto save via cron)
Nov 21 23:19:00 PST 2016	[master f928ff7] (auto save via cron)
Nov 21 23:20:00 PST 2016	[master fcd252c] (auto save via cron)
Nov 21 23:21:00 PST 2016	[master c72e8e7] (auto save via cron)
Nov 21 23:22:00 PST 2016	[master 9bd2e48] (auto save via cron)
Nov 21 23:23:00 PST 2016	[master 356ea43] (auto save via cron)
Nov 21 23:24:01 PST 2016	[master 8f91b54] (auto save via cron)
Nov 21 23:25:00 PST 2016	[master b0d8df1] (auto save via cron)
Nov 21 23:26:00 PST 2016	[master f71732c] (auto save via cron)
Nov 21 23:27:00 PST 2016	[master bae91f9] (auto save via cron)
Nov 21 23:28:00 PST 2016	[master 9e1e2a0] (auto save via cron)
Nov 21 23:29:00 PST 2016	[master d05d919] (auto save via cron)
Nov 21 23:30:00 PST 2016	[master 4fb75d9] (auto save via cron)
Nov 21 23:31:00 PST 2016	[master 7794eba] (auto save via cron)
Nov 21 23:32:00 PST 2016	[master 9aa84a7] (auto save via cron)
Nov 21 23:33:00 PST 2016	[master 4f37cef] (auto save via cron)
Nov 21 23:34:00 PST 2016	[master a84aa0c] (auto save via cron)
Nov 21 23:35:00 PST 2016	[master 8e011d9] (auto save via cron)
Nov 21 23:36:00 PST 2016	[master ed4885d] (auto save via cron)
Nov 21 23:37:00 PST 2016	[master 389428b] (auto save via cron)
Nov 21 23:38:00 PST 2016	[master c00a7dc] (auto save via cron)
Nov 21 23:39:00 PST 2016	[master fb36e60] (auto save via cron)
Nov 21 23:40:00 PST 2016	[master 346820e] (auto save via cron)
Nov 21 23:41:00 PST 2016	[master 43fb5f3] (auto save via cron)
Nov 21 23:42:00 PST 2016	[master c109c80] (auto save via cron)
Nov 21 23:43:00 PST 2016	[master b192c65] (auto save via cron)
Nov 21 23:44:00 PST 2016	[master 2639d6e] (auto save via cron)
Nov 23 12:38:00 PST 2016	[master 3283ace] (auto save via cron)
Nov 23 12:39:00 PST 2016	[master 0d1624a] (auto save via cron)
Nov 23 12:40:00 PST 2016	[master a15ce3b] (auto save via cron)
Nov 23 12:41:00 PST 2016	[master 6aba55f] (auto save via cron)
Nov 23 12:47:00 PST 2016	[master 9bcaf24] (auto save via cron)
Nov 23 12:48:00 PST 2016	[master ed2e0f9] (auto save via cron)
Nov 23 12:49:00 PST 2016	[master 9665eb7] (auto save via cron)
Nov 23 12:50:01 PST 2016	[master 15ea0fa] (auto save via cron)
Nov 23 12:54:00 PST 2016	[master ff7ca3a] (auto save via cron)
Nov 23 12:55:00 PST 2016	[master fca9dd6] (auto save via cron)
Nov 23 12:56:00 PST 2016	[master ec0c96c] (auto save via cron)
Nov 23 12:57:00 PST 2016	[master 720126b] (auto save via cron)
Nov 23 12:58:00 PST 2016	[master 77e45b8] (auto save via cron)
Nov 23 12:59:00 PST 2016	[master d4d42b6] (auto save via cron)
Nov 23 13:00:00 PST 2016	[master b70bafc] (auto save via cron)
Nov 23 13:01:00 PST 2016	[master fee5117] (auto save via cron)
Nov 24 14:56:00 PST 2016	[master 0aa19fe] (auto save via cron)
Nov 24 14:57:00 PST 2016	[master 0662941] (auto save via cron)
Nov 24 14:58:00 PST 2016	[master 5940502] (auto save via cron)
Nov 24 14:59:00 PST 2016	[master af1da70] (auto save via cron)
Nov 24 15:17:00 PST 2016	[master ebf776c] (auto save via cron)
Nov 24 15:19:00 PST 2016	[master 68608a9] (auto save via cron)
Nov 27 15:50:00 PST 2016	[master f45bd0f] (auto save via cron)
Nov 27 15:51:00 PST 2016	[master 030031b] (auto save via cron)
Nov 27 15:52:00 PST 2016	[master a5ff12e] (auto save via cron)
Nov 27 15:53:00 PST 2016	[master 85c3bd3] (auto save via cron)
Nov 27 15:54:00 PST 2016	[master ca5b593] (auto save via cron)
Nov 27 15:55:00 PST 2016	[master c247ebb] (auto save via cron)
Nov 27 15:56:00 PST 2016	[master 0732c7c] (auto save via cron)
Nov 27 15:57:00 PST 2016	[master 79305a0] (auto save via cron)
Nov 27 15:58:00 PST 2016	[master 8ac0225] (auto save via cron)
Nov 27 15:59:00 PST 2016	[master 22dc6e0] (auto save via cron)
Nov 27 16:00:00 PST 2016	[master 96a2095] (auto save via cron)
Nov 27 16:01:00 PST 2016	[master fdddc4b] (auto save via cron)
Nov 27 16:02:00 PST 2016	[master 055b9db] (auto save via cron)
Nov 27 16:03:00 PST 2016	[master e25c2a7] (auto save via cron)
Nov 27 16:05:00 PST 2016	[master 8b0296d] (auto save via cron)
Nov 27 16:06:00 PST 2016	[master 14dbfc9] (auto save via cron)
Nov 27 16:07:00 PST 2016	[master 74a2b79] (auto save via cron)
Nov 27 16:08:00 PST 2016	[master a7e65dd] (auto save via cron)
Nov 27 16:09:00 PST 2016	[master 7b340ff] (auto save via cron)
Nov 27 16:10:00 PST 2016	[master b37bfc6] (auto save via cron)
Nov 27 16:11:00 PST 2016	[master d5867d9] (auto save via cron)
Nov 27 16:12:00 PST 2016	[master c81c1ca] (auto save via cron)
Nov 27 16:13:01 PST 2016	[master de5e334] (auto save via cron)
Nov 27 16:14:00 PST 2016	[master 762dfd0] (auto save via cron)
Nov 27 16:15:00 PST 2016	[master 365711a] (auto save via cron)
Nov 27 16:16:00 PST 2016	[master ee7cd2c] (auto save via cron)
Dec  3 09:21:00 PST 2016	[master 275d25b] (auto save via cron)
Dec  3 09:22:00 PST 2016	[master bcd890f] (auto save via cron)
Dec  3 09:23:00 PST 2016	[master b89cbf4] (auto save via cron)
Dec  3 09:24:01 PST 2016	[master db6919a] (auto save via cron)
Dec  3 09:25:00 PST 2016	[master f542a27] (auto save via cron)
Dec  3 09:26:00 PST 2016	[master a8cdfd3] (auto save via cron)
Dec  3 09:27:00 PST 2016	[master aaf07fd] (auto save via cron)
Dec  3 09:28:00 PST 2016	[master 1e330c6] (auto save via cron)
Dec  3 09:30:00 PST 2016	[master 9edb181] (auto save via cron)
Dec  3 09:31:00 PST 2016	[master d4599b6] (auto save via cron)
Dec  3 09:33:00 PST 2016	[master d5d94e2] (auto save via cron)
Dec  3 09:34:00 PST 2016	[master a8afe45] (auto save via cron)
Dec  3 09:35:00 PST 2016	[master b9b0ad6] (auto save via cron)
Dec  3 09:36:00 PST 2016	[master 3d7d81b] (auto save via cron)
Dec  3 09:37:01 PST 2016	[master 11d241c] (auto save via cron)
Dec  3 09:38:00 PST 2016	[master 3e86e74] (auto save via cron)
Dec  3 09:39:00 PST 2016	[master 20db01c] (auto save via cron)
Dec  3 09:40:00 PST 2016	[master fcdbf13] (auto save via cron)
Dec  3 09:42:00 PST 2016	[master b6e6118] (auto save via cron)
Dec  3 09:43:00 PST 2016	[master b5e3a41] (auto save via cron)
Dec  3 09:44:00 PST 2016	[master 34c1636] (auto save via cron)
Dec  3 09:48:00 PST 2016	[master e2b29e0] (auto save via cron)
Dec  3 09:49:00 PST 2016	[master 8524b45] (auto save via cron)
Dec  3 09:50:00 PST 2016	[master 0b9605c] (auto save via cron)
